#
# There is insufficient memory for the Java Runtime Environment to continue.
# Native memory allocation (mmap) failed to map 56623104 bytes for Failed to commit area from 0x0000000090600000 to 0x0000000093c00000 of length 56623104.
# Possible reasons:
#   The system is out of physical RAM or swap space
#   The process is running with CompressedOops enabled, and the Java Heap may be blocking the growth of the native heap
# Possible solutions:
#   Reduce memory load on the system
#   Increase physical memory or swap space
#   Check if swap backing store is full
#   Decrease Java heap size (-Xmx/-Xms)
#   Decrease number of Java threads
#   Decrease Java thread stack sizes (-Xss)
#   Set larger code cache with -XX:ReservedCodeCacheSize=
#   JVM is running with Unscaled Compressed Oops mode in which the Java heap is
#     placed in the first 4GB address space. The Java Heap base address is the
#     maximum limit for the native heap growth. Please use -XX:HeapBaseMinAddress
#     to set the Java Heap base and to place the Java Heap above 4GB virtual address.
# This output file may be truncated or incomplete.
#
#  Out of Memory Error (./src/hotspot/os/windows/os_windows.cpp:3301), pid=15012, tid=7848
#
# JRE version: OpenJDK Runtime Environment (11.0.10) (build 11.0.10+0-b96-7249189)
# Java VM: OpenJDK 64-Bit Server VM (11.0.10+0-b96-7249189, mixed mode, tiered, compressed oops, g1 gc, windows-amd64)
# No core dump will be written. Minidumps are not enabled by default on client versions of Windows
#

---------------  S U M M A R Y ------------

Command Line: --add-opens=java.base/java.util=ALL-UNNAMED --add-opens=java.base/java.lang=ALL-UNNAMED --add-opens=java.base/java.lang.invoke=ALL-UNNAMED --add-opens=java.base/java.util=ALL-UNNAMED --add-opens=java.prefs/java.util.prefs=ALL-UNNAMED --add-opens=java.prefs/java.util.prefs=ALL-UNNAMED --add-opens=java.base/java.nio.charset=ALL-UNNAMED --add-opens=java.base/java.net=ALL-UNNAMED --add-opens=java.base/java.util.concurrent.atomic=ALL-UNNAMED -Xmx2048m -Dfile.encoding=UTF-8 -Duser.country=US -Duser.language=en -Duser.variant org.gradle.launcher.daemon.bootstrap.GradleDaemon 7.0.2

Host: Intel(R) Core(TM) i5-8300H CPU @ 2.30GHz, 8 cores, 7G,  Windows 10 , 64 bit Build 22000 (10.0.22000.318)
Time: Sun Dec  5 02:31:17 2021 Turkey Standard Time elapsed time: 707.952876 seconds (0d 0h 11m 47s)

---------------  T H R E A D  ---------------

Current thread (0x000001f59e81f800):  VMThread "VM Thread" [stack: 0x000000248e400000,0x000000248e500000] [id=7848]

Stack: [0x000000248e400000,0x000000248e500000]
[error occurred during error reporting (printing stack bounds), id 0xc0000005, EXCEPTION_ACCESS_VIOLATION (0xc0000005) at pc=0x000001f587ea0f2d]

Native frames: (J=compiled Java code, j=interpreted, Vv=VM code, C=native code)
V  [jvm.dll+0x5ecfaa]
V  [jvm.dll+0x722bd5]
V  [jvm.dll+0x72412d]
V  [jvm.dll+0x724745]
V  [jvm.dll+0x7246fb]
V  [jvm.dll+0x5ec348]
V  [jvm.dll+0x5ecad8]
C  [ntdll.dll+0xa82ff]
C  [ntdll.dll+0x35a0a]
C  [ntdll.dll+0xa730e]
C  0x000001f587ea0f2d

VM_Operation (0x00000024928fccc0): G1CollectForAllocation, mode: safepoint, requested by thread 0x000001f5a4d16000


---------------  P R O C E S S  ---------------

Threads class SMR info:
_java_thread_list=0x000001f5a4d8fbc0, length=67, elements={
0x000001f58232c800, 0x000001f59e823800, 0x000001f59e82e800, 0x000001f59e83e000,
0x000001f59e83f000, 0x000001f59e842000, 0x000001f59e843800, 0x000001f59e851800,
0x000001f59e858000, 0x000001f59f30e800, 0x000001f5a0743000, 0x000001f5a1226800,
0x000001f5a0c5d800, 0x000001f5a1878800, 0x000001f5a187a000, 0x000001f5a187b000,
0x000001f5a1876000, 0x000001f5a187c800, 0x000001f5a1877000, 0x000001f5a1877800,
0x000001f5a4332000, 0x000001f5a4333000, 0x000001f5a4334000, 0x000001f5a4335800,
0x000001f5a4334800, 0x000001f5a432f800, 0x000001f5a433d000, 0x000001f5a4338800,
0x000001f5a04f3000, 0x000001f5a04f7000, 0x000001f5a04f3800, 0x000001f5a04f4800,
0x000001f5a04f5800, 0x000001f5a04f8000, 0x000001f5a04f6000, 0x000001f5a04f2000,
0x000001f5a04fd800, 0x000001f5a04fc000, 0x000001f5a0500000, 0x000001f5a04fb000,
0x000001f5a04fa800, 0x000001f5a04f9800, 0x000001f5a4336800, 0x000001f5a4331800,
0x000001f5a4330800, 0x000001f5a433a800, 0x000001f5a433b000, 0x000001f5a4337000,
0x000001f5a1879800, 0x000001f5a187b800, 0x000001f5a4d0e000, 0x000001f5a4d0b800,
0x000001f5a4d0c800, 0x000001f5a4d0d000, 0x000001f5a4d08800, 0x000001f5a4d0f000,
0x000001f5a4d09000, 0x000001f5a4d0f800, 0x000001f5a4d0a000, 0x000001f5a4d11800,
0x000001f5a4d12000, 0x000001f5a4d16000, 0x000001f5a4d14800, 0x000001f5a4d17000,
0x000001f5a4d13000, 0x000001f5a0501000, 0x000001f5a643f800
}

Java Threads: ( => current thread )
  0x000001f58232c800 JavaThread "main" [_thread_blocked, id=440, stack(0x000000248de00000,0x000000248df00000)]
  0x000001f59e823800 JavaThread "Reference Handler" daemon [_thread_blocked, id=8032, stack(0x000000248e500000,0x000000248e600000)]
  0x000001f59e82e800 JavaThread "Finalizer" daemon [_thread_blocked, id=3060, stack(0x000000248e600000,0x000000248e700000)]
  0x000001f59e83e000 JavaThread "Signal Dispatcher" daemon [_thread_blocked, id=7700, stack(0x000000248e700000,0x000000248e800000)]
  0x000001f59e83f000 JavaThread "Attach Listener" daemon [_thread_blocked, id=7320, stack(0x000000248e800000,0x000000248e900000)]
  0x000001f59e842000 JavaThread "Service Thread" daemon [_thread_blocked, id=11284, stack(0x000000248e900000,0x000000248ea00000)]
  0x000001f59e843800 JavaThread "C2 CompilerThread0" daemon [_thread_blocked, id=17352, stack(0x000000248ea00000,0x000000248eb00000)]
  0x000001f59e851800 JavaThread "C1 CompilerThread0" daemon [_thread_blocked, id=3212, stack(0x000000248eb00000,0x000000248ec00000)]
  0x000001f59e858000 JavaThread "Sweeper thread" daemon [_thread_blocked, id=5052, stack(0x000000248ec00000,0x000000248ed00000)]
  0x000001f59f30e800 JavaThread "Common-Cleaner" daemon [_thread_blocked, id=17044, stack(0x000000248ed00000,0x000000248ee00000)]
  0x000001f5a0743000 JavaThread "Daemon health stats" [_thread_blocked, id=2460, stack(0x000000248f300000,0x000000248f400000)]
  0x000001f5a1226800 JavaThread "Incoming local TCP Connector on port 55815" [_thread_in_native, id=12328, stack(0x000000248ef00000,0x000000248f000000)]
  0x000001f5a0c5d800 JavaThread "Daemon periodic checks" [_thread_blocked, id=13080, stack(0x000000248f000000,0x000000248f100000)]
  0x000001f5a1878800 JavaThread "Cache worker for file hash cache (C:\Users\adem9\.gradle\caches\7.0.2\fileHashes)" [_thread_blocked, id=6664, stack(0x0000002490000000,0x0000002490100000)]
  0x000001f5a187a000 JavaThread "File lock request listener" [_thread_in_native, id=1280, stack(0x0000002490100000,0x0000002490200000)]
  0x000001f5a187b000 JavaThread "Cache worker for journal cache (C:\Users\adem9\.gradle\caches\journal-1)" [_thread_blocked, id=2820, stack(0x0000002490300000,0x0000002490400000)]
  0x000001f5a1876000 JavaThread "File watcher server" daemon [_thread_blocked, id=7852, stack(0x0000002490600000,0x0000002490700000)]
  0x000001f5a187c800 JavaThread "File watcher consumer" daemon [_thread_blocked, id=15208, stack(0x0000002490700000,0x0000002490800000)]
  0x000001f5a1877000 JavaThread "jar transforms" [_thread_blocked, id=1536, stack(0x0000002490800000,0x0000002490900000)]
  0x000001f5a1877800 JavaThread "jar transforms Thread 2" [_thread_blocked, id=9496, stack(0x0000002490900000,0x0000002490a00000)]
  0x000001f5a4332000 JavaThread "jar transforms Thread 3" [_thread_blocked, id=1732, stack(0x0000002490a00000,0x0000002490b00000)]
  0x000001f5a4333000 JavaThread "jar transforms Thread 4" [_thread_blocked, id=6284, stack(0x0000002490b00000,0x0000002490c00000)]
  0x000001f5a4334000 JavaThread "jar transforms Thread 5" [_thread_blocked, id=11048, stack(0x0000002490c00000,0x0000002490d00000)]
  0x000001f5a4335800 JavaThread "jar transforms Thread 6" [_thread_blocked, id=15552, stack(0x0000002490d00000,0x0000002490e00000)]
  0x000001f5a4334800 JavaThread "jar transforms Thread 7" [_thread_blocked, id=3524, stack(0x0000002490e00000,0x0000002490f00000)]
  0x000001f5a432f800 JavaThread "jar transforms Thread 8" [_thread_blocked, id=17052, stack(0x0000002490f00000,0x0000002491000000)]
  0x000001f5a433d000 JavaThread "Cache worker for execution history cache (C:\Users\adem9\.gradle\caches\7.0.2\executionHistory)" [_thread_blocked, id=13596, stack(0x0000002491300000,0x0000002491400000)]
  0x000001f5a4338800 JavaThread "Cache worker for file content cache (C:\Users\adem9\.gradle\caches\7.0.2\fileContent)" [_thread_blocked, id=11968, stack(0x0000002491400000,0x0000002491500000)]
  0x000001f5a04f3000 JavaThread "Memory manager" [_thread_blocked, id=7876, stack(0x0000002491f00000,0x0000002492000000)]
  0x000001f5a04f7000 JavaThread "Daemon Thread 2" [_thread_blocked, id=6296, stack(0x000000248db00000,0x000000248dc00000)]
  0x000001f5a04f3800 JavaThread "Handler for socket connection from /127.0.0.1:55815 to /127.0.0.1:55951" [_thread_in_native, id=556, stack(0x000000248dc00000,0x000000248dd00000)]
  0x000001f5a04f4800 JavaThread "Cancel handler" [_thread_blocked, id=1532, stack(0x000000248dd00000,0x000000248de00000)]
  0x000001f5a04f5800 JavaThread "Daemon worker Thread 2" [_thread_blocked, id=15996, stack(0x000000248f400000,0x000000248f500000)]
  0x000001f5a04f8000 JavaThread "Asynchronous log dispatcher for DefaultDaemonConnection: socket connection from /127.0.0.1:55815 to /127.0.0.1:55951" [_thread_blocked, id=18108, stack(0x000000248f500000,0x000000248f600000)]
  0x000001f5a04f6000 JavaThread "Stdin handler" [_thread_blocked, id=17812, stack(0x000000248f600000,0x000000248f700000)]
  0x000001f5a04f2000 JavaThread "Daemon client event forwarder" [_thread_blocked, id=15660, stack(0x000000248f700000,0x000000248f800000)]
  0x000001f5a04fd800 JavaThread "Cache worker for file hash cache (D:\programlama\ImageDownloader\.gradle\7.0.2\fileHashes)" [_thread_blocked, id=3948, stack(0x000000248f800000,0x000000248f900000)]
  0x000001f5a04fc000 JavaThread "Cache worker for checksums cache (D:\programlama\ImageDownloader\.gradle\checksums)" [_thread_blocked, id=14944, stack(0x000000248f900000,0x000000248fa00000)]
  0x000001f5a0500000 JavaThread "Cache worker for cache directory md-supplier (C:\Users\adem9\.gradle\caches\7.0.2\md-supplier)" [_thread_blocked, id=3044, stack(0x0000002490400000,0x0000002490500000)]
  0x000001f5a04fb000 JavaThread "Cache worker for cache directory md-rule (C:\Users\adem9\.gradle\caches\7.0.2\md-rule)" [_thread_blocked, id=14472, stack(0x0000002490500000,0x0000002490600000)]
  0x000001f5a04fa800 JavaThread "Cache worker for dependencies-accessors (D:\programlama\ImageDownloader\.gradle\7.0.2\dependencies-accessors)" [_thread_blocked, id=5244, stack(0x0000002491000000,0x0000002491100000)]
  0x000001f5a04f9800 JavaThread "Cache worker for Build Output Cleanup Cache (D:\programlama\ImageDownloader\.gradle\buildOutputCleanup)" [_thread_blocked, id=12048, stack(0x000000248fa00000,0x000000248fb00000)]
  0x000001f5a4336800 JavaThread "Build operations" [_thread_blocked, id=9920, stack(0x0000002491200000,0x0000002491300000)]
  0x000001f5a4331800 JavaThread "Build operations Thread 2" [_thread_blocked, id=16604, stack(0x0000002491500000,0x0000002491600000)]
  0x000001f5a4330800 JavaThread "Build operations Thread 3" [_thread_blocked, id=9516, stack(0x0000002491600000,0x0000002491700000)]
  0x000001f5a433a800 JavaThread "Build operations Thread 4" [_thread_blocked, id=10644, stack(0x0000002491700000,0x0000002491800000)]
  0x000001f5a433b000 JavaThread "Build operations Thread 5" [_thread_blocked, id=12692, stack(0x0000002491800000,0x0000002491900000)]
  0x000001f5a4337000 JavaThread "Build operations Thread 6" [_thread_blocked, id=10476, stack(0x0000002491900000,0x0000002491a00000)]
  0x000001f5a1879800 JavaThread "Build operations Thread 7" [_thread_blocked, id=12992, stack(0x0000002491a00000,0x0000002491b00000)]
  0x000001f5a187b800 JavaThread "Build operations Thread 8" [_thread_blocked, id=10808, stack(0x0000002491b00000,0x0000002491c00000)]
  0x000001f5a4d0e000 JavaThread "build event listener" [_thread_blocked, id=10068, stack(0x0000002491c00000,0x0000002491d00000)]
  0x000001f5a4d0b800 JavaThread "Execution worker for ':'" [_thread_blocked, id=8428, stack(0x0000002491d00000,0x0000002491e00000)]
  0x000001f5a4d0c800 JavaThread "Execution worker for ':' Thread 2" [_thread_blocked, id=6452, stack(0x0000002491e00000,0x0000002491f00000)]
  0x000001f5a4d0d000 JavaThread "Execution worker for ':' Thread 3" [_thread_blocked, id=3856, stack(0x0000002492000000,0x0000002492100000)]
  0x000001f5a4d08800 JavaThread "Execution worker for ':' Thread 4" [_thread_blocked, id=5360, stack(0x0000002492100000,0x0000002492200000)]
  0x000001f5a4d0f000 JavaThread "Execution worker for ':' Thread 5" [_thread_blocked, id=16224, stack(0x0000002492200000,0x0000002492300000)]
  0x000001f5a4d09000 JavaThread "Execution worker for ':' Thread 6" [_thread_blocked, id=12972, stack(0x0000002492300000,0x0000002492400000)]
  0x000001f5a4d0f800 JavaThread "Execution worker for ':' Thread 7" [_thread_blocked, id=6292, stack(0x0000002492400000,0x0000002492500000)]
  0x000001f5a4d0a000 JavaThread "Cache worker for execution history cache (D:\programlama\ImageDownloader\.gradle\7.0.2\executionHistory)" [_thread_blocked, id=15856, stack(0x0000002492500000,0x0000002492600000)]
  0x000001f5a4d11800 JavaThread "WorkerExecutor Queue" [_thread_blocked, id=2656, stack(0x0000002492600000,0x0000002492700000)]
  0x000001f5a4d12000 JavaThread "WorkerExecutor Queue Thread 2" [_thread_blocked, id=9040, stack(0x0000002492700000,0x0000002492800000)]
  0x000001f5a4d16000 JavaThread "WorkerExecutor Queue Thread 3" [_thread_blocked, id=14432, stack(0x0000002492800000,0x0000002492900000)]
  0x000001f5a4d14800 JavaThread "WorkerExecutor Queue Thread 4" [_thread_blocked, id=15928, stack(0x0000002492900000,0x0000002492a00000)]
  0x000001f5a4d17000 JavaThread "WorkerExecutor Queue Thread 5" [_thread_blocked, id=12212, stack(0x0000002492a00000,0x0000002492b00000)]
  0x000001f5a4d13000 JavaThread "WorkerExecutor Queue Thread 6" [_thread_blocked, id=7220, stack(0x0000002492b00000,0x0000002492c00000)]
  0x000001f5a0501000 JavaThread "WorkerExecutor Queue Thread 7" [_thread_blocked, id=17520, stack(0x0000002492c00000,0x0000002492d00000)]
  0x000001f5a643f800 JavaThread "WorkerExecutor Queue Thread 8" [_thread_blocked, id=11636, stack(0x0000002492d00000,0x0000002492e00000)]

Other Threads:
=>0x000001f59e81f800 VMThread "VM Thread" [stack: 0x000000248e400000,0x000000248e500000] [id=7848]
  0x000001f59f328800 WatcherThread [stack: 0x000000248ee00000,0x000000248ef00000] [id=3648]
  0x000001f5843c8800 GCTaskThread "GC Thread#0" [stack: 0x000000248df00000,0x000000248e000000] [id=5168]
  0x000001f5a03d7800 GCTaskThread "GC Thread#1" [stack: 0x000000248f100000,0x000000248f200000] [id=3520]
  0x000001f59f9e8000 GCTaskThread "GC Thread#2" [stack: 0x000000248f200000,0x000000248f300000] [id=16236]
  0x000001f59f3d5000 GCTaskThread "GC Thread#3" [stack: 0x000000248fb00000,0x000000248fc00000] [id=10048]
  0x000001f5a038a000 GCTaskThread "GC Thread#4" [stack: 0x000000248fc00000,0x000000248fd00000] [id=3360]
  0x000001f5a0d19800 GCTaskThread "GC Thread#5" [stack: 0x000000248fd00000,0x000000248fe00000] [id=3472]
  0x000001f5a0d1a000 GCTaskThread "GC Thread#6" [stack: 0x000000248fe00000,0x000000248ff00000] [id=8800]
  0x000001f5a0b94000 GCTaskThread "GC Thread#7" [stack: 0x000000248ff00000,0x0000002490000000] [id=4516]
  0x000001f5843fc000 ConcurrentGCThread "G1 Main Marker" [stack: 0x000000248e000000,0x000000248e100000] [id=9284]
  0x000001f5843fd000 ConcurrentGCThread "G1 Conc#0" [stack: 0x000000248e100000,0x000000248e200000] [id=17340]
  0x000001f5a1477800 ConcurrentGCThread "G1 Conc#1" [stack: 0x0000002490200000,0x0000002490300000] [id=16980]
  0x000001f59e670800 ConcurrentGCThread "G1 Refine#0" [stack: 0x000000248e200000,0x000000248e300000] [id=8420]
  0x000001f59e671000 ConcurrentGCThread "G1 Young RemSet Sampling" [stack: 0x000000248e300000,0x000000248e400000] [id=10780]

Threads with active compile tasks:

VM state:at safepoint (normal execution)

VM Mutex/Monitor currently owned by a thread:  ([mutex/lock_event])
[0x000001f5843ae3d0] Threads_lock - owner thread: 0x000001f59e81f800
[0x000001f5843acf90] Heap_lock - owner thread: 0x000001f5a4d16000

OutOfMemory and StackOverflow Exception counts:
OutOfMemoryError java_heap_errors=2
LinkageErrors=203

Heap address: 0x0000000080000000, size: 2048 MB, Compressed Oops mode: 32-bit
Narrow klass base: 0x0000000000000000, Narrow klass shift: 3
Compressed class space size: 1073741824 Address: 0x0000000100000000

Heap:
 garbage-first heap   total 323584K, used 128349K [0x0000000080000000, 0x0000000100000000)
  region size 1024K, 7 young (7168K), 7 survivors (7168K)
 Metaspace       used 121178K, capacity 124333K, committed 124376K, reserved 1157120K
  class space    used 15237K, capacity 16359K, committed 16384K, reserved 1048576K
Heap Regions: E=young(eden), S=young(survivor), O=old, HS=humongous(starts), HC=humongous(continues), CS=collection set, F=free, A=archive, TAMS=top-at-mark-start (previous, next)
|   0|0x0000000080000000, 0x0000000080100000, 0x0000000080100000|100%| O|  |TAMS 0x0000000080100000, 0x0000000080000000| Untracked 
|   1|0x0000000080100000, 0x0000000080200000, 0x0000000080200000|100%| O|  |TAMS 0x0000000080200000, 0x0000000080100000| Untracked 
|   2|0x0000000080200000, 0x0000000080300000, 0x0000000080300000|100%| O|  |TAMS 0x0000000080300000, 0x0000000080200000| Untracked 
|   3|0x0000000080300000, 0x0000000080400000, 0x0000000080400000|100%|HS|  |TAMS 0x0000000080400000, 0x0000000080300000| Complete 
|   4|0x0000000080400000, 0x0000000080500000, 0x0000000080500000|100%|HC|  |TAMS 0x0000000080500000, 0x0000000080400000| Complete 
|   5|0x0000000080500000, 0x0000000080600000, 0x0000000080600000|100%|HC|  |TAMS 0x0000000080600000, 0x0000000080500000| Complete 
|   6|0x0000000080600000, 0x0000000080700000, 0x0000000080700000|100%| O|  |TAMS 0x0000000080700000, 0x0000000080600000| Untracked 
|   7|0x0000000080700000, 0x0000000080800000, 0x0000000080800000|100%| O|  |TAMS 0x0000000080800000, 0x0000000080700000| Untracked 
|   8|0x0000000080800000, 0x0000000080900000, 0x0000000080900000|100%| O|  |TAMS 0x0000000080900000, 0x0000000080800000| Untracked 
|   9|0x0000000080900000, 0x0000000080a00000, 0x0000000080a00000|100%| O|  |TAMS 0x0000000080a00000, 0x0000000080900000| Untracked 
|  10|0x0000000080a00000, 0x0000000080b00000, 0x0000000080b00000|100%| O|  |TAMS 0x0000000080b00000, 0x0000000080a00000| Untracked 
|  11|0x0000000080b00000, 0x0000000080c00000, 0x0000000080c00000|100%| O|  |TAMS 0x0000000080c00000, 0x0000000080b00000| Untracked 
|  12|0x0000000080c00000, 0x0000000080d00000, 0x0000000080d00000|100%| O|  |TAMS 0x0000000080d00000, 0x0000000080c00000| Untracked 
|  13|0x0000000080d00000, 0x0000000080e00000, 0x0000000080e00000|100%| O|  |TAMS 0x0000000080e00000, 0x0000000080d00000| Untracked 
|  14|0x0000000080e00000, 0x0000000080f00000, 0x0000000080f00000|100%| O|  |TAMS 0x0000000080f00000, 0x0000000080e00000| Untracked 
|  15|0x0000000080f00000, 0x0000000081000000, 0x0000000081000000|100%| O|  |TAMS 0x0000000081000000, 0x0000000080f00000| Untracked 
|  16|0x0000000081000000, 0x0000000081100000, 0x0000000081100000|100%|HS|  |TAMS 0x0000000081100000, 0x0000000081000000| Complete 
|  17|0x0000000081100000, 0x0000000081200000, 0x0000000081200000|100%|HC|  |TAMS 0x0000000081200000, 0x0000000081100000| Complete 
|  18|0x0000000081200000, 0x0000000081300000, 0x0000000081300000|100%|HS|  |TAMS 0x0000000081300000, 0x0000000081200000| Complete 
|  19|0x0000000081300000, 0x0000000081400000, 0x0000000081400000|100%|HC|  |TAMS 0x0000000081400000, 0x0000000081300000| Complete 
|  20|0x0000000081400000, 0x0000000081500000, 0x0000000081500000|100%|HC|  |TAMS 0x0000000081500000, 0x0000000081400000| Complete 
|  21|0x0000000081500000, 0x0000000081600000, 0x0000000081600000|100%|HS|  |TAMS 0x0000000081600000, 0x0000000081500000| Complete 
|  22|0x0000000081600000, 0x0000000081700000, 0x0000000081700000|100%|HC|  |TAMS 0x0000000081700000, 0x0000000081600000| Complete 
|  23|0x0000000081700000, 0x0000000081800000, 0x0000000081800000|100%|HC|  |TAMS 0x0000000081800000, 0x0000000081700000| Complete 
|  24|0x0000000081800000, 0x0000000081900000, 0x0000000081900000|100%|HC|  |TAMS 0x0000000081900000, 0x0000000081800000| Complete 
|  25|0x0000000081900000, 0x0000000081a00000, 0x0000000081a00000|100%|HC|  |TAMS 0x0000000081a00000, 0x0000000081900000| Complete 
|  26|0x0000000081a00000, 0x0000000081b00000, 0x0000000081b00000|100%| O|  |TAMS 0x0000000081b00000, 0x0000000081a00000| Untracked 
|  27|0x0000000081b00000, 0x0000000081c00000, 0x0000000081c00000|100%| O|  |TAMS 0x0000000081c00000, 0x0000000081b00000| Untracked 
|  28|0x0000000081c00000, 0x0000000081d00000, 0x0000000081d00000|100%| O|  |TAMS 0x0000000081d00000, 0x0000000081c00000| Untracked 
|  29|0x0000000081d00000, 0x0000000081e00000, 0x0000000081e00000|100%| O|  |TAMS 0x0000000081e00000, 0x0000000081d00000| Untracked 
|  30|0x0000000081e00000, 0x0000000081f00000, 0x0000000081f00000|100%| O|  |TAMS 0x0000000081f00000, 0x0000000081e00000| Untracked 
|  31|0x0000000081f00000, 0x0000000082000000, 0x0000000082000000|100%| O|  |TAMS 0x0000000082000000, 0x0000000081f00000| Untracked 
|  32|0x0000000082000000, 0x0000000082100000, 0x0000000082100000|100%| O|  |TAMS 0x0000000082100000, 0x0000000082000000| Untracked 
|  33|0x0000000082100000, 0x0000000082200000, 0x0000000082200000|100%|HS|  |TAMS 0x0000000082200000, 0x0000000082100000| Complete 
|  34|0x0000000082200000, 0x0000000082300000, 0x0000000082300000|100%|HC|  |TAMS 0x0000000082300000, 0x0000000082200000| Complete 
|  35|0x0000000082300000, 0x0000000082400000, 0x0000000082400000|100%|HC|  |TAMS 0x0000000082400000, 0x0000000082300000| Complete 
|  36|0x0000000082400000, 0x0000000082500000, 0x0000000082500000|100%|HC|  |TAMS 0x0000000082500000, 0x0000000082400000| Complete 
|  37|0x0000000082500000, 0x0000000082600000, 0x0000000082600000|100%|HC|  |TAMS 0x0000000082600000, 0x0000000082500000| Complete 
|  38|0x0000000082600000, 0x0000000082700000, 0x0000000082700000|100%|HS|  |TAMS 0x0000000082700000, 0x0000000082600000| Complete 
|  39|0x0000000082700000, 0x0000000082800000, 0x0000000082800000|100%|HC|  |TAMS 0x0000000082800000, 0x0000000082700000| Complete 
|  40|0x0000000082800000, 0x0000000082900000, 0x0000000082900000|100%|HC|  |TAMS 0x0000000082900000, 0x0000000082800000| Complete 
|  41|0x0000000082900000, 0x0000000082a00000, 0x0000000082a00000|100%| O|  |TAMS 0x0000000082a00000, 0x0000000082900000| Untracked 
|  42|0x0000000082a00000, 0x0000000082b00000, 0x0000000082b00000|100%| O|  |TAMS 0x0000000082b00000, 0x0000000082a00000| Untracked 
|  43|0x0000000082b00000, 0x0000000082c00000, 0x0000000082c00000|100%| O|  |TAMS 0x0000000082c00000, 0x0000000082b00000| Untracked 
|  44|0x0000000082c00000, 0x0000000082d00000, 0x0000000082d00000|100%| O|  |TAMS 0x0000000082d00000, 0x0000000082c00000| Untracked 
|  45|0x0000000082d00000, 0x0000000082e00000, 0x0000000082e00000|100%| O|  |TAMS 0x0000000082e00000, 0x0000000082d00000| Untracked 
|  46|0x0000000082e00000, 0x0000000082f00000, 0x0000000082f00000|100%| O|  |TAMS 0x0000000082f00000, 0x0000000082e00000| Untracked 
|  47|0x0000000082f00000, 0x0000000083000000, 0x0000000083000000|100%| O|  |TAMS 0x0000000083000000, 0x0000000082f00000| Untracked 
|  48|0x0000000083000000, 0x0000000083100000, 0x0000000083100000|100%| O|  |TAMS 0x0000000083100000, 0x0000000083000000| Untracked 
|  49|0x0000000083100000, 0x0000000083200000, 0x0000000083200000|100%| O|  |TAMS 0x0000000083200000, 0x0000000083100000| Untracked 
|  50|0x0000000083200000, 0x0000000083300000, 0x0000000083300000|100%|HS|  |TAMS 0x0000000083300000, 0x0000000083200000| Complete 
|  51|0x0000000083300000, 0x0000000083400000, 0x0000000083400000|100%|HS|  |TAMS 0x0000000083400000, 0x0000000083300000| Complete 
|  52|0x0000000083400000, 0x0000000083500000, 0x0000000083500000|100%|HS|  |TAMS 0x0000000083500000, 0x0000000083400000| Complete 
|  53|0x0000000083500000, 0x0000000083600000, 0x0000000083600000|100%|HC|  |TAMS 0x0000000083600000, 0x0000000083500000| Complete 
|  54|0x0000000083600000, 0x0000000083700000, 0x0000000083700000|100%| O|  |TAMS 0x0000000083700000, 0x0000000083600000| Untracked 
|  55|0x0000000083700000, 0x0000000083800000, 0x0000000083800000|100%| O|  |TAMS 0x0000000083800000, 0x0000000083700000| Untracked 
|  56|0x0000000083800000, 0x0000000083900000, 0x0000000083900000|100%| O|  |TAMS 0x0000000083900000, 0x0000000083800000| Untracked 
|  57|0x0000000083900000, 0x0000000083a00000, 0x0000000083a00000|100%| O|  |TAMS 0x0000000083a00000, 0x0000000083900000| Untracked 
|  58|0x0000000083a00000, 0x0000000083b00000, 0x0000000083b00000|100%| O|  |TAMS 0x0000000083a00000, 0x0000000083a00000| Untracked 
|  59|0x0000000083b00000, 0x0000000083c00000, 0x0000000083c00000|100%| O|  |TAMS 0x0000000083c00000, 0x0000000083b00000| Untracked 
|  60|0x0000000083c00000, 0x0000000083d00000, 0x0000000083d00000|100%| O|  |TAMS 0x0000000083d00000, 0x0000000083c00000| Untracked 
|  61|0x0000000083d00000, 0x0000000083e00000, 0x0000000083e00000|100%| O|  |TAMS 0x0000000083e00000, 0x0000000083d00000| Untracked 
|  62|0x0000000083e00000, 0x0000000083f00000, 0x0000000083f00000|100%| O|  |TAMS 0x0000000083f00000, 0x0000000083e00000| Untracked 
|  63|0x0000000083f00000, 0x0000000084000000, 0x0000000084000000|100%| O|  |TAMS 0x0000000084000000, 0x0000000083f00000| Untracked 
|  64|0x0000000084000000, 0x0000000084100000, 0x0000000084100000|100%| O|  |TAMS 0x0000000084100000, 0x0000000084000000| Untracked 
|  65|0x0000000084100000, 0x0000000084200000, 0x0000000084200000|100%| O|  |TAMS 0x0000000084200000, 0x0000000084100000| Untracked 
|  66|0x0000000084200000, 0x0000000084300000, 0x0000000084300000|100%| O|  |TAMS 0x0000000084300000, 0x0000000084200000| Untracked 
|  67|0x0000000084300000, 0x0000000084400000, 0x0000000084400000|100%| O|  |TAMS 0x0000000084400000, 0x0000000084300000| Untracked 
|  68|0x0000000084400000, 0x0000000084500000, 0x0000000084500000|100%| O|  |TAMS 0x0000000084500000, 0x0000000084400000| Untracked 
|  69|0x0000000084500000, 0x0000000084600000, 0x0000000084600000|100%| O|  |TAMS 0x0000000084600000, 0x0000000084500000| Untracked 
|  70|0x0000000084600000, 0x0000000084700000, 0x0000000084700000|100%| O|  |TAMS 0x0000000084700000, 0x0000000084600000| Untracked 
|  71|0x0000000084700000, 0x0000000084800000, 0x0000000084800000|100%| O|  |TAMS 0x0000000084800000, 0x0000000084700000| Untracked 
|  72|0x0000000084800000, 0x0000000084900000, 0x0000000084900000|100%| O|  |TAMS 0x0000000084900000, 0x0000000084800000| Untracked 
|  73|0x0000000084900000, 0x0000000084a00000, 0x0000000084a00000|100%| O|  |TAMS 0x0000000084a00000, 0x0000000084900000| Untracked 
|  74|0x0000000084a00000, 0x0000000084b00000, 0x0000000084b00000|100%| O|  |TAMS 0x0000000084b00000, 0x0000000084a00000| Untracked 
|  75|0x0000000084b00000, 0x0000000084c00000, 0x0000000084c00000|100%| O|  |TAMS 0x0000000084c00000, 0x0000000084b00000| Untracked 
|  76|0x0000000084c00000, 0x0000000084d00000, 0x0000000084d00000|100%| O|  |TAMS 0x0000000084d00000, 0x0000000084c00000| Untracked 
|  77|0x0000000084d00000, 0x0000000084e00000, 0x0000000084e00000|100%| O|  |TAMS 0x0000000084e00000, 0x0000000084d00000| Untracked 
|  78|0x0000000084e00000, 0x0000000084f00000, 0x0000000084f00000|100%| O|  |TAMS 0x0000000084f00000, 0x0000000084e00000| Untracked 
|  79|0x0000000084f00000, 0x0000000085000000, 0x0000000085000000|100%| O|  |TAMS 0x0000000085000000, 0x0000000084f00000| Untracked 
|  80|0x0000000085000000, 0x0000000085100000, 0x0000000085100000|100%| O|  |TAMS 0x0000000085000000, 0x0000000085000000| Untracked 
|  81|0x0000000085100000, 0x0000000085200000, 0x0000000085200000|100%| O|  |TAMS 0x0000000085200000, 0x0000000085100000| Untracked 
|  82|0x0000000085200000, 0x0000000085300000, 0x0000000085300000|100%| O|  |TAMS 0x0000000085300000, 0x0000000085200000| Untracked 
|  83|0x0000000085300000, 0x0000000085400000, 0x0000000085400000|100%| O|  |TAMS 0x0000000085400000, 0x0000000085300000| Untracked 
|  84|0x0000000085400000, 0x0000000085500000, 0x0000000085500000|100%| O|  |TAMS 0x0000000085500000, 0x0000000085400000| Untracked 
|  85|0x0000000085500000, 0x0000000085534800, 0x0000000085600000| 20%| O|  |TAMS 0x0000000085500000, 0x0000000085500000| Untracked 
|  86|0x0000000085600000, 0x0000000085700000, 0x0000000085700000|100%| O|  |TAMS 0x0000000085700000, 0x0000000085600000| Untracked 
|  87|0x0000000085700000, 0x0000000085800000, 0x0000000085800000|100%| O|  |TAMS 0x0000000085800000, 0x0000000085700000| Untracked 
|  88|0x0000000085800000, 0x0000000085900000, 0x0000000085900000|100%| O|  |TAMS 0x0000000085900000, 0x0000000085800000| Untracked 
|  89|0x0000000085900000, 0x0000000085a00000, 0x0000000085a00000|100%| O|  |TAMS 0x0000000085a00000, 0x0000000085900000| Untracked 
|  90|0x0000000085a00000, 0x0000000085a00000, 0x0000000085b00000|  0%| F|  |TAMS 0x0000000085a00000, 0x0000000085a00000| Untracked 
|  91|0x0000000085b00000, 0x0000000085c00000, 0x0000000085c00000|100%| O|  |TAMS 0x0000000085c00000, 0x0000000085b00000| Untracked 
|  92|0x0000000085c00000, 0x0000000085d00000, 0x0000000085d00000|100%| O|  |TAMS 0x0000000085d00000, 0x0000000085c00000| Untracked 
|  93|0x0000000085d00000, 0x0000000085e00000, 0x0000000085e00000|100%| O|  |TAMS 0x0000000085e00000, 0x0000000085d00000| Untracked 
|  94|0x0000000085e00000, 0x0000000085f00000, 0x0000000085f00000|100%| O|  |TAMS 0x0000000085f00000, 0x0000000085e00000| Untracked 
|  95|0x0000000085f00000, 0x0000000086000000, 0x0000000086000000|100%| O|  |TAMS 0x0000000086000000, 0x0000000085f00000| Untracked 
|  96|0x0000000086000000, 0x0000000086100000, 0x0000000086100000|100%| O|  |TAMS 0x0000000086100000, 0x0000000086000000| Untracked 
|  97|0x0000000086100000, 0x0000000086200000, 0x0000000086200000|100%| O|  |TAMS 0x0000000086200000, 0x0000000086100000| Untracked 
|  98|0x0000000086200000, 0x0000000086200000, 0x0000000086300000|  0%| F|  |TAMS 0x0000000086200000, 0x0000000086200000| Untracked 
|  99|0x0000000086300000, 0x0000000086400000, 0x0000000086400000|100%| O|  |TAMS 0x0000000086400000, 0x0000000086300000| Untracked 
| 100|0x0000000086400000, 0x0000000086500000, 0x0000000086500000|100%| O|  |TAMS 0x0000000086500000, 0x0000000086400000| Untracked 
| 101|0x0000000086500000, 0x0000000086600000, 0x0000000086600000|100%| O|  |TAMS 0x0000000086600000, 0x0000000086500000| Untracked 
| 102|0x0000000086600000, 0x0000000086700000, 0x0000000086700000|100%| O|  |TAMS 0x0000000086700000, 0x0000000086600000| Untracked 
| 103|0x0000000086700000, 0x0000000086800000, 0x0000000086800000|100%| O|  |TAMS 0x0000000086800000, 0x0000000086700000| Untracked 
| 104|0x0000000086800000, 0x0000000086900000, 0x0000000086900000|100%| O|  |TAMS 0x0000000086900000, 0x0000000086800000| Untracked 
| 105|0x0000000086900000, 0x0000000086a00000, 0x0000000086a00000|100%| O|  |TAMS 0x0000000086900000, 0x0000000086900000| Untracked 
| 106|0x0000000086a00000, 0x0000000086b00000, 0x0000000086b00000|100%| O|  |TAMS 0x0000000086b00000, 0x0000000086a00000| Untracked 
| 107|0x0000000086b00000, 0x0000000086c00000, 0x0000000086c00000|100%| O|  |TAMS 0x0000000086c00000, 0x0000000086b00000| Untracked 
| 108|0x0000000086c00000, 0x0000000086d00000, 0x0000000086d00000|100%| O|  |TAMS 0x0000000086d00000, 0x0000000086c00000| Untracked 
| 109|0x0000000086d00000, 0x0000000086e00000, 0x0000000086e00000|100%| O|  |TAMS 0x0000000086e00000, 0x0000000086d00000| Untracked 
| 110|0x0000000086e00000, 0x0000000086f00000, 0x0000000086f00000|100%| O|  |TAMS 0x0000000086f00000, 0x0000000086e00000| Untracked 
| 111|0x0000000086f00000, 0x0000000086f00000, 0x0000000087000000|  0%| F|  |TAMS 0x0000000086f00000, 0x0000000086f00000| Untracked 
| 112|0x0000000087000000, 0x0000000087100000, 0x0000000087100000|100%| O|  |TAMS 0x0000000087100000, 0x0000000087000000| Untracked 
| 113|0x0000000087100000, 0x0000000087100000, 0x0000000087200000|  0%| F|  |TAMS 0x0000000087100000, 0x0000000087100000| Untracked 
| 114|0x0000000087200000, 0x0000000087300000, 0x0000000087300000|100%| O|  |TAMS 0x0000000087200000, 0x0000000087200000| Untracked 
| 115|0x0000000087300000, 0x0000000087300000, 0x0000000087400000|  0%| F|  |TAMS 0x0000000087300000, 0x0000000087300000| Untracked 
| 116|0x0000000087400000, 0x0000000087400000, 0x0000000087500000|  0%| F|  |TAMS 0x0000000087400000, 0x0000000087400000| Untracked 
| 117|0x0000000087500000, 0x0000000087500000, 0x0000000087600000|  0%| F|  |TAMS 0x0000000087500000, 0x0000000087500000| Untracked 
| 118|0x0000000087600000, 0x0000000087600000, 0x0000000087700000|  0%| F|  |TAMS 0x0000000087600000, 0x0000000087600000| Untracked 
| 119|0x0000000087700000, 0x0000000087700000, 0x0000000087800000|  0%| F|  |TAMS 0x0000000087700000, 0x0000000087700000| Untracked 
| 120|0x0000000087800000, 0x0000000087800000, 0x0000000087900000|  0%| F|  |TAMS 0x0000000087800000, 0x0000000087800000| Untracked 
| 121|0x0000000087900000, 0x0000000087900000, 0x0000000087a00000|  0%| F|  |TAMS 0x0000000087900000, 0x0000000087900000| Untracked 
| 122|0x0000000087a00000, 0x0000000087b00000, 0x0000000087b00000|100%| O|  |TAMS 0x0000000087b00000, 0x0000000087a00000| Untracked 
| 123|0x0000000087b00000, 0x0000000087b00000, 0x0000000087c00000|  0%| F|  |TAMS 0x0000000087b00000, 0x0000000087b00000| Untracked 
| 124|0x0000000087c00000, 0x0000000087c00000, 0x0000000087d00000|  0%| F|  |TAMS 0x0000000087c00000, 0x0000000087c00000| Untracked 
| 125|0x0000000087d00000, 0x0000000087d00000, 0x0000000087e00000|  0%| F|  |TAMS 0x0000000087d00000, 0x0000000087d00000| Untracked 
| 126|0x0000000087e00000, 0x0000000087f00000, 0x0000000087f00000|100%| O|  |TAMS 0x0000000087f00000, 0x0000000087e00000| Untracked 
| 127|0x0000000087f00000, 0x0000000088000000, 0x0000000088000000|100%| O|  |TAMS 0x0000000088000000, 0x0000000087f00000| Untracked 
| 128|0x0000000088000000, 0x0000000088100000, 0x0000000088100000|100%| O|  |TAMS 0x0000000088100000, 0x0000000088000000| Untracked 
| 129|0x0000000088100000, 0x0000000088200000, 0x0000000088200000|100%| O|  |TAMS 0x0000000088200000, 0x0000000088100000| Untracked 
| 130|0x0000000088200000, 0x0000000088300000, 0x0000000088300000|100%| O|  |TAMS 0x0000000088300000, 0x0000000088200000| Untracked 
| 131|0x0000000088300000, 0x0000000088300000, 0x0000000088400000|  0%| F|  |TAMS 0x0000000088300000, 0x0000000088300000| Untracked 
| 132|0x0000000088400000, 0x0000000088500000, 0x0000000088500000|100%| O|  |TAMS 0x0000000088500000, 0x0000000088400000| Untracked 
| 133|0x0000000088500000, 0x0000000088600000, 0x0000000088600000|100%| O|  |TAMS 0x0000000088600000, 0x0000000088500000| Untracked 
| 134|0x0000000088600000, 0x0000000088700000, 0x0000000088700000|100%| O|  |TAMS 0x0000000088700000, 0x0000000088600000| Untracked 
| 135|0x0000000088700000, 0x0000000088700000, 0x0000000088800000|  0%| F|  |TAMS 0x0000000088700000, 0x0000000088700000| Untracked 
| 136|0x0000000088800000, 0x0000000088800000, 0x0000000088900000|  0%| F|  |TAMS 0x0000000088800000, 0x0000000088800000| Untracked 
| 137|0x0000000088900000, 0x0000000088900000, 0x0000000088a00000|  0%| F|  |TAMS 0x0000000088900000, 0x0000000088900000| Untracked 
| 138|0x0000000088a00000, 0x0000000088a00000, 0x0000000088b00000|  0%| F|  |TAMS 0x0000000088a00000, 0x0000000088a00000| Untracked 
| 139|0x0000000088b00000, 0x0000000088b00000, 0x0000000088c00000|  0%| F|  |TAMS 0x0000000088b00000, 0x0000000088b00000| Untracked 
| 140|0x0000000088c00000, 0x0000000088c00000, 0x0000000088d00000|  0%| F|  |TAMS 0x0000000088c00000, 0x0000000088c00000| Untracked 
| 141|0x0000000088d00000, 0x0000000088d00000, 0x0000000088e00000|  0%| F|  |TAMS 0x0000000088d00000, 0x0000000088d00000| Untracked 
| 142|0x0000000088e00000, 0x0000000088e00000, 0x0000000088f00000|  0%| F|  |TAMS 0x0000000088e00000, 0x0000000088e00000| Untracked 
| 143|0x0000000088f00000, 0x0000000088f00000, 0x0000000089000000|  0%| F|  |TAMS 0x0000000088f00000, 0x0000000088f00000| Untracked 
| 144|0x0000000089000000, 0x0000000089000000, 0x0000000089100000|  0%| F|  |TAMS 0x0000000089000000, 0x0000000089000000| Untracked 
| 145|0x0000000089100000, 0x0000000089100000, 0x0000000089200000|  0%| F|  |TAMS 0x0000000089100000, 0x0000000089100000| Untracked 
| 146|0x0000000089200000, 0x0000000089200000, 0x0000000089300000|  0%| F|  |TAMS 0x0000000089200000, 0x0000000089200000| Untracked 
| 147|0x0000000089300000, 0x0000000089300000, 0x0000000089400000|  0%| F|  |TAMS 0x0000000089300000, 0x0000000089300000| Untracked 
| 148|0x0000000089400000, 0x0000000089400000, 0x0000000089500000|  0%| F|  |TAMS 0x0000000089400000, 0x0000000089400000| Untracked 
| 149|0x0000000089500000, 0x0000000089500000, 0x0000000089600000|  0%| F|  |TAMS 0x0000000089500000, 0x0000000089500000| Untracked 
| 150|0x0000000089600000, 0x0000000089600000, 0x0000000089700000|  0%| F|  |TAMS 0x0000000089600000, 0x0000000089600000| Untracked 
| 151|0x0000000089700000, 0x0000000089700000, 0x0000000089800000|  0%| F|  |TAMS 0x0000000089700000, 0x0000000089700000| Untracked 
| 152|0x0000000089800000, 0x0000000089800000, 0x0000000089900000|  0%| F|  |TAMS 0x0000000089800000, 0x0000000089800000| Untracked 
| 153|0x0000000089900000, 0x0000000089900000, 0x0000000089a00000|  0%| F|  |TAMS 0x0000000089900000, 0x0000000089900000| Untracked 
| 154|0x0000000089a00000, 0x0000000089a00000, 0x0000000089b00000|  0%| F|  |TAMS 0x0000000089a00000, 0x0000000089a00000| Untracked 
| 155|0x0000000089b00000, 0x0000000089b00000, 0x0000000089c00000|  0%| F|  |TAMS 0x0000000089b00000, 0x0000000089b00000| Untracked 
| 156|0x0000000089c00000, 0x0000000089c00000, 0x0000000089d00000|  0%| F|  |TAMS 0x0000000089c00000, 0x0000000089c00000| Untracked 
| 157|0x0000000089d00000, 0x0000000089d00000, 0x0000000089e00000|  0%| F|  |TAMS 0x0000000089d00000, 0x0000000089d00000| Untracked 
| 158|0x0000000089e00000, 0x0000000089e00000, 0x0000000089f00000|  0%| F|  |TAMS 0x0000000089e00000, 0x0000000089e00000| Untracked 
| 159|0x0000000089f00000, 0x0000000089f00000, 0x000000008a000000|  0%| F|  |TAMS 0x0000000089f00000, 0x0000000089f00000| Untracked 
| 160|0x000000008a000000, 0x000000008a000000, 0x000000008a100000|  0%| F|  |TAMS 0x000000008a000000, 0x000000008a000000| Untracked 
| 161|0x000000008a100000, 0x000000008a100000, 0x000000008a200000|  0%| F|  |TAMS 0x000000008a100000, 0x000000008a100000| Untracked 
| 162|0x000000008a200000, 0x000000008a200000, 0x000000008a300000|  0%| F|  |TAMS 0x000000008a200000, 0x000000008a200000| Untracked 
| 163|0x000000008a300000, 0x000000008a300000, 0x000000008a400000|  0%| F|  |TAMS 0x000000008a300000, 0x000000008a300000| Untracked 
| 164|0x000000008a400000, 0x000000008a400000, 0x000000008a500000|  0%| F|  |TAMS 0x000000008a400000, 0x000000008a400000| Untracked 
| 165|0x000000008a500000, 0x000000008a500000, 0x000000008a600000|  0%| F|  |TAMS 0x000000008a500000, 0x000000008a500000| Untracked 
| 166|0x000000008a600000, 0x000000008a600000, 0x000000008a700000|  0%| F|  |TAMS 0x000000008a600000, 0x000000008a600000| Untracked 
| 167|0x000000008a700000, 0x000000008a700000, 0x000000008a800000|  0%| F|  |TAMS 0x000000008a700000, 0x000000008a700000| Untracked 
| 168|0x000000008a800000, 0x000000008a800000, 0x000000008a900000|  0%| F|  |TAMS 0x000000008a800000, 0x000000008a800000| Untracked 
| 169|0x000000008a900000, 0x000000008a900000, 0x000000008aa00000|  0%| F|  |TAMS 0x000000008a900000, 0x000000008a900000| Untracked 
| 170|0x000000008aa00000, 0x000000008aa00000, 0x000000008ab00000|  0%| F|  |TAMS 0x000000008aa00000, 0x000000008aa00000| Untracked 
| 171|0x000000008ab00000, 0x000000008ab00000, 0x000000008ac00000|  0%| F|  |TAMS 0x000000008ab00000, 0x000000008ab00000| Untracked 
| 172|0x000000008ac00000, 0x000000008ac00000, 0x000000008ad00000|  0%| F|  |TAMS 0x000000008ac00000, 0x000000008ac00000| Untracked 
| 173|0x000000008ad00000, 0x000000008ad00000, 0x000000008ae00000|  0%| F|  |TAMS 0x000000008ad00000, 0x000000008ad00000| Untracked 
| 174|0x000000008ae00000, 0x000000008ae00000, 0x000000008af00000|  0%| F|  |TAMS 0x000000008ae00000, 0x000000008ae00000| Untracked 
| 175|0x000000008af00000, 0x000000008af00000, 0x000000008b000000|  0%| F|  |TAMS 0x000000008af00000, 0x000000008af00000| Untracked 
| 176|0x000000008b000000, 0x000000008b000000, 0x000000008b100000|  0%| F|  |TAMS 0x000000008b000000, 0x000000008b000000| Untracked 
| 177|0x000000008b100000, 0x000000008b100000, 0x000000008b200000|  0%| F|  |TAMS 0x000000008b100000, 0x000000008b100000| Untracked 
| 178|0x000000008b200000, 0x000000008b200000, 0x000000008b300000|  0%| F|  |TAMS 0x000000008b200000, 0x000000008b200000| Untracked 
| 179|0x000000008b300000, 0x000000008b300000, 0x000000008b400000|  0%| F|  |TAMS 0x000000008b300000, 0x000000008b300000| Untracked 
| 180|0x000000008b400000, 0x000000008b400000, 0x000000008b500000|  0%| F|  |TAMS 0x000000008b400000, 0x000000008b400000| Untracked 
| 181|0x000000008b500000, 0x000000008b500000, 0x000000008b600000|  0%| F|  |TAMS 0x000000008b500000, 0x000000008b500000| Untracked 
| 182|0x000000008b600000, 0x000000008b622f08, 0x000000008b700000| 13%| S|CS|TAMS 0x000000008b600000, 0x000000008b600000| Complete 
| 183|0x000000008b700000, 0x000000008b800000, 0x000000008b800000|100%| S|CS|TAMS 0x000000008b700000, 0x000000008b700000| Complete 
| 184|0x000000008b800000, 0x000000008b900000, 0x000000008b900000|100%| S|CS|TAMS 0x000000008b800000, 0x000000008b800000| Complete 
| 185|0x000000008b900000, 0x000000008ba00000, 0x000000008ba00000|100%| S|CS|TAMS 0x000000008b900000, 0x000000008b900000| Complete 
| 186|0x000000008ba00000, 0x000000008bb00000, 0x000000008bb00000|100%| S|CS|TAMS 0x000000008ba00000, 0x000000008ba00000| Complete 
| 187|0x000000008bb00000, 0x000000008bc00000, 0x000000008bc00000|100%| S|CS|TAMS 0x000000008bb00000, 0x000000008bb00000| Complete 
| 188|0x000000008bc00000, 0x000000008bc00000, 0x000000008bd00000|  0%| F|  |TAMS 0x000000008bc00000, 0x000000008bc00000| Untracked 
| 189|0x000000008bd00000, 0x000000008bd00000, 0x000000008be00000|  0%| F|  |TAMS 0x000000008bd00000, 0x000000008bd00000| Untracked 
| 190|0x000000008be00000, 0x000000008be00000, 0x000000008bf00000|  0%| F|  |TAMS 0x000000008be00000, 0x000000008be00000| Untracked 
| 191|0x000000008bf00000, 0x000000008bf00000, 0x000000008c000000|  0%| F|  |TAMS 0x000000008bf00000, 0x000000008bf00000| Untracked 
| 192|0x000000008c000000, 0x000000008c000000, 0x000000008c100000|  0%| F|  |TAMS 0x000000008c000000, 0x000000008c000000| Untracked 
| 193|0x000000008c100000, 0x000000008c100000, 0x000000008c200000|  0%| F|  |TAMS 0x000000008c100000, 0x000000008c100000| Untracked 
| 194|0x000000008c200000, 0x000000008c200000, 0x000000008c300000|  0%| F|  |TAMS 0x000000008c200000, 0x000000008c200000| Untracked 
| 195|0x000000008c300000, 0x000000008c400000, 0x000000008c400000|100%| S|CS|TAMS 0x000000008c300000, 0x000000008c300000| Complete 
| 196|0x000000008c400000, 0x000000008c400000, 0x000000008c500000|  0%| F|  |TAMS 0x000000008c400000, 0x000000008c400000| Untracked 
| 197|0x000000008c500000, 0x000000008c500000, 0x000000008c600000|  0%| F|  |TAMS 0x000000008c500000, 0x000000008c500000| Untracked 
| 198|0x000000008c600000, 0x000000008c600000, 0x000000008c700000|  0%| F|  |TAMS 0x000000008c600000, 0x000000008c600000| Untracked 
| 199|0x000000008c700000, 0x000000008c700000, 0x000000008c800000|  0%| F|  |TAMS 0x000000008c700000, 0x000000008c700000| Untracked 
| 200|0x000000008c800000, 0x000000008c800000, 0x000000008c900000|  0%| F|  |TAMS 0x000000008c800000, 0x000000008c800000| Untracked 
| 201|0x000000008c900000, 0x000000008c900000, 0x000000008ca00000|  0%| F|  |TAMS 0x000000008c900000, 0x000000008c900000| Untracked 
| 202|0x000000008ca00000, 0x000000008ca00000, 0x000000008cb00000|  0%| F|  |TAMS 0x000000008ca00000, 0x000000008ca00000| Untracked 
| 203|0x000000008cb00000, 0x000000008cb00000, 0x000000008cc00000|  0%| F|  |TAMS 0x000000008cb00000, 0x000000008cb00000| Untracked 
| 204|0x000000008cc00000, 0x000000008cc00000, 0x000000008cd00000|  0%| F|  |TAMS 0x000000008cc00000, 0x000000008cc00000| Untracked 
| 205|0x000000008cd00000, 0x000000008cd00000, 0x000000008ce00000|  0%| F|  |TAMS 0x000000008cd00000, 0x000000008cd00000| Untracked 
| 206|0x000000008ce00000, 0x000000008ce00000, 0x000000008cf00000|  0%| F|  |TAMS 0x000000008ce00000, 0x000000008ce00000| Untracked 
| 207|0x000000008cf00000, 0x000000008cf00000, 0x000000008d000000|  0%| F|  |TAMS 0x000000008cf00000, 0x000000008cf00000| Untracked 
| 208|0x000000008d000000, 0x000000008d000000, 0x000000008d100000|  0%| F|  |TAMS 0x000000008d000000, 0x000000008d000000| Untracked 
| 209|0x000000008d100000, 0x000000008d100000, 0x000000008d200000|  0%| F|  |TAMS 0x000000008d100000, 0x000000008d100000| Untracked 
| 210|0x000000008d200000, 0x000000008d200000, 0x000000008d300000|  0%| F|  |TAMS 0x000000008d200000, 0x000000008d200000| Untracked 
| 211|0x000000008d300000, 0x000000008d300000, 0x000000008d400000|  0%| F|  |TAMS 0x000000008d300000, 0x000000008d300000| Untracked 
| 212|0x000000008d400000, 0x000000008d400000, 0x000000008d500000|  0%| F|  |TAMS 0x000000008d400000, 0x000000008d400000| Untracked 
| 213|0x000000008d500000, 0x000000008d500000, 0x000000008d600000|  0%| F|  |TAMS 0x000000008d500000, 0x000000008d500000| Untracked 
| 214|0x000000008d600000, 0x000000008d600000, 0x000000008d700000|  0%| F|  |TAMS 0x000000008d600000, 0x000000008d600000| Untracked 
| 215|0x000000008d700000, 0x000000008d700000, 0x000000008d800000|  0%| F|  |TAMS 0x000000008d700000, 0x000000008d700000| Untracked 
| 216|0x000000008d800000, 0x000000008d800000, 0x000000008d900000|  0%| F|  |TAMS 0x000000008d800000, 0x000000008d800000| Untracked 
| 217|0x000000008d900000, 0x000000008d900000, 0x000000008da00000|  0%| F|  |TAMS 0x000000008d900000, 0x000000008d900000| Untracked 
| 218|0x000000008da00000, 0x000000008da00000, 0x000000008db00000|  0%| F|  |TAMS 0x000000008da00000, 0x000000008da00000| Untracked 
| 219|0x000000008db00000, 0x000000008db00000, 0x000000008dc00000|  0%| F|  |TAMS 0x000000008db00000, 0x000000008db00000| Untracked 
| 220|0x000000008dc00000, 0x000000008dc00000, 0x000000008dd00000|  0%| F|  |TAMS 0x000000008dc00000, 0x000000008dc00000| Untracked 
| 221|0x000000008dd00000, 0x000000008dd00000, 0x000000008de00000|  0%| F|  |TAMS 0x000000008dd00000, 0x000000008dd00000| Untracked 
| 222|0x000000008de00000, 0x000000008de00000, 0x000000008df00000|  0%| F|  |TAMS 0x000000008de00000, 0x000000008de00000| Untracked 
| 223|0x000000008df00000, 0x000000008df00000, 0x000000008e000000|  0%| F|  |TAMS 0x000000008df00000, 0x000000008df00000| Untracked 
| 224|0x000000008e000000, 0x000000008e000000, 0x000000008e100000|  0%| F|  |TAMS 0x000000008e000000, 0x000000008e000000| Untracked 
| 225|0x000000008e100000, 0x000000008e100000, 0x000000008e200000|  0%| F|  |TAMS 0x000000008e100000, 0x000000008e100000| Untracked 
| 226|0x000000008e200000, 0x000000008e200000, 0x000000008e300000|  0%| F|  |TAMS 0x000000008e200000, 0x000000008e200000| Untracked 
| 227|0x000000008e300000, 0x000000008e300000, 0x000000008e400000|  0%| F|  |TAMS 0x000000008e300000, 0x000000008e300000| Untracked 
| 228|0x000000008e400000, 0x000000008e400000, 0x000000008e500000|  0%| F|  |TAMS 0x000000008e400000, 0x000000008e400000| Untracked 
| 229|0x000000008e500000, 0x000000008e500000, 0x000000008e600000|  0%| F|  |TAMS 0x000000008e500000, 0x000000008e500000| Untracked 
| 230|0x000000008e600000, 0x000000008e600000, 0x000000008e700000|  0%| F|  |TAMS 0x000000008e600000, 0x000000008e600000| Untracked 
| 231|0x000000008e700000, 0x000000008e700000, 0x000000008e800000|  0%| F|  |TAMS 0x000000008e700000, 0x000000008e700000| Untracked 
| 232|0x000000008e800000, 0x000000008e800000, 0x000000008e900000|  0%| F|  |TAMS 0x000000008e800000, 0x000000008e800000| Untracked 
| 233|0x000000008e900000, 0x000000008e900000, 0x000000008ea00000|  0%| F|  |TAMS 0x000000008e900000, 0x000000008e900000| Untracked 
| 234|0x000000008ea00000, 0x000000008ea00000, 0x000000008eb00000|  0%| F|  |TAMS 0x000000008ea00000, 0x000000008ea00000| Untracked 
| 235|0x000000008eb00000, 0x000000008eb00000, 0x000000008ec00000|  0%| F|  |TAMS 0x000000008eb00000, 0x000000008eb00000| Untracked 
| 236|0x000000008ec00000, 0x000000008ec00000, 0x000000008ed00000|  0%| F|  |TAMS 0x000000008ec00000, 0x000000008ec00000| Untracked 
| 237|0x000000008ed00000, 0x000000008ed00000, 0x000000008ee00000|  0%| F|  |TAMS 0x000000008ed00000, 0x000000008ed00000| Untracked 
| 238|0x000000008ee00000, 0x000000008ee00000, 0x000000008ef00000|  0%| F|  |TAMS 0x000000008ee00000, 0x000000008ee00000| Untracked 
| 239|0x000000008ef00000, 0x000000008ef00000, 0x000000008f000000|  0%| F|  |TAMS 0x000000008ef00000, 0x000000008ef00000| Untracked 
| 240|0x000000008f000000, 0x000000008f000000, 0x000000008f100000|  0%| F|  |TAMS 0x000000008f000000, 0x000000008f000000| Untracked 
| 241|0x000000008f100000, 0x000000008f100000, 0x000000008f200000|  0%| F|  |TAMS 0x000000008f100000, 0x000000008f100000| Untracked 
| 242|0x000000008f200000, 0x000000008f200000, 0x000000008f300000|  0%| F|  |TAMS 0x000000008f200000, 0x000000008f200000| Untracked 
| 243|0x000000008f300000, 0x000000008f300000, 0x000000008f400000|  0%| F|  |TAMS 0x000000008f300000, 0x000000008f300000| Untracked 
| 244|0x000000008f400000, 0x000000008f400000, 0x000000008f500000|  0%| F|  |TAMS 0x000000008f400000, 0x000000008f400000| Untracked 
| 245|0x000000008f500000, 0x000000008f500000, 0x000000008f600000|  0%| F|  |TAMS 0x000000008f500000, 0x000000008f500000| Untracked 
| 246|0x000000008f600000, 0x000000008f600000, 0x000000008f700000|  0%| F|  |TAMS 0x000000008f600000, 0x000000008f600000| Untracked 
| 247|0x000000008f700000, 0x000000008f700000, 0x000000008f800000|  0%| F|  |TAMS 0x000000008f700000, 0x000000008f700000| Untracked 
| 248|0x000000008f800000, 0x000000008f800000, 0x000000008f900000|  0%| F|  |TAMS 0x000000008f800000, 0x000000008f800000| Untracked 
| 249|0x000000008f900000, 0x000000008f900000, 0x000000008fa00000|  0%| F|  |TAMS 0x000000008f900000, 0x000000008f900000| Untracked 
| 250|0x000000008fa00000, 0x000000008fa00000, 0x000000008fb00000|  0%| F|  |TAMS 0x000000008fa00000, 0x000000008fa00000| Untracked 
| 251|0x000000008fb00000, 0x000000008fb00000, 0x000000008fc00000|  0%| F|  |TAMS 0x000000008fb00000, 0x000000008fb00000| Untracked 
| 252|0x000000008fc00000, 0x000000008fc00000, 0x000000008fd00000|  0%| F|  |TAMS 0x000000008fc00000, 0x000000008fc00000| Untracked 
| 253|0x000000008fd00000, 0x000000008fd00000, 0x000000008fe00000|  0%| F|  |TAMS 0x000000008fd00000, 0x000000008fd00000| Untracked 
| 254|0x000000008fe00000, 0x000000008fe00000, 0x000000008ff00000|  0%| F|  |TAMS 0x000000008fe00000, 0x000000008fe00000| Untracked 
| 255|0x000000008ff00000, 0x000000008ff00000, 0x0000000090000000|  0%| F|  |TAMS 0x000000008ff00000, 0x000000008ff00000| Untracked 
| 256|0x0000000090000000, 0x0000000090000000, 0x0000000090100000|  0%| F|  |TAMS 0x0000000090000000, 0x0000000090000000| Untracked 
| 257|0x0000000090100000, 0x0000000090100000, 0x0000000090200000|  0%| F|  |TAMS 0x0000000090100000, 0x0000000090100000| Untracked 
| 258|0x0000000090200000, 0x0000000090200000, 0x0000000090300000|  0%| F|  |TAMS 0x0000000090200000, 0x0000000090200000| Untracked 
| 259|0x0000000090300000, 0x0000000090300000, 0x0000000090400000|  0%| F|  |TAMS 0x0000000090300000, 0x0000000090300000| Untracked 
| 260|0x0000000090400000, 0x0000000090400000, 0x0000000090500000|  0%| F|  |TAMS 0x0000000090400000, 0x0000000090400000| Untracked 
| 261|0x0000000090500000, 0x0000000090500000, 0x0000000090600000|  0%| F|  |TAMS 0x0000000090500000, 0x0000000090500000| Untracked 

Card table byte_map: [0x000001f5975d0000,0x000001f5979d0000] _byte_map_base: 0x000001f5971d0000

Marking Bits (Prev, Next): (CMBitMap*) 0x000001f5843f2f40, (CMBitMap*) 0x000001f5843f2f08
 Prev Bits: [0x000001f599dd0000, 0x000001f59bdd0000)
 Next Bits: [0x000001f597dd0000, 0x000001f599dd0000)

Polling page: 0x000001f5823a0000

Metaspace:

Usage:
  Non-class:    105.44 MB capacity,   103.46 MB ( 98%) used,     1.64 MB (  2%) free+waste,   356.56 KB ( <1%) overhead. 
      Class:     15.98 MB capacity,    14.88 MB ( 93%) used,   959.84 KB (  6%) free+waste,   161.63 KB ( <1%) overhead. 
       Both:    121.42 MB capacity,   118.34 MB ( 97%) used,     2.57 MB (  2%) free+waste,   518.19 KB ( <1%) overhead. 

Virtual space:
  Non-class space:      106.00 MB reserved,     105.46 MB (>99%) committed 
      Class space:        1.00 GB reserved,      16.00 MB (  2%) committed 
             Both:        1.10 GB reserved,     121.46 MB ( 11%) committed 

Chunk freelists:
   Non-Class:  18.00 KB
       Class:  0 bytes
        Both:  18.00 KB

MaxMetaspaceSize: 17179869184.00 GB
CompressedClassSpaceSize: 1.00 GB

CodeHeap 'non-profiled nmethods': size=120000Kb used=10302Kb max_used=10302Kb free=109697Kb
 bounds [0x000001f58f970000, 0x000001f590380000, 0x000001f596ea0000]
CodeHeap 'profiled nmethods': size=120000Kb used=35903Kb max_used=35903Kb free=84096Kb
 bounds [0x000001f588440000, 0x000001f58a750000, 0x000001f58f970000]
CodeHeap 'non-nmethods': size=5760Kb used=2357Kb max_used=2413Kb free=3402Kb
 bounds [0x000001f587ea0000, 0x000001f588110000, 0x000001f588440000]
 total_blobs=17160 nmethods=16174 adapters=897
 compilation: disabled (not enough contiguous free space left)
              stopped_count=1, restarted_count=0
 full_count=1

Compilation events (20 events):
Event: 705.983 Thread 0x000001f59e851800 nmethod 16398 0x000001f58a746d90 code [0x000001f58a746f40, 0x000001f58a747038]
Event: 705.984 Thread 0x000001f59e851800 16399       3       org.gradle.internal.instantiation.generator.AsmBackedClassGenerator$ClassBuilderImpl::mixInDynamicAware (80 bytes)
Event: 705.985 Thread 0x000001f59e851800 nmethod 16399 0x000001f58a747110 code [0x000001f58a747400, 0x000001f58a748268]
Event: 705.987 Thread 0x000001f59e851800 16400       3       com.google.common.collect.ImmutableSortedSet$Builder::<init> (16 bytes)
Event: 705.987 Thread 0x000001f59e851800 nmethod 16400 0x000001f58a748810 code [0x000001f58a748a20, 0x000001f58a749098]
Event: 705.987 Thread 0x000001f59e851800 16402       3       com.google.common.collect.ImmutableSortedSet::construct (108 bytes)
Event: 705.988 Thread 0x000001f59e851800 nmethod 16402 0x000001f58a749290 code [0x000001f58a749600, 0x000001f58a74af08]
Event: 705.988 Thread 0x000001f59e851800 16401       3       com.google.common.collect.ImmutableSortedSet$Builder::build (36 bytes)
Event: 705.989 Thread 0x000001f59e851800 nmethod 16401 0x000001f58a74b810 code [0x000001f58a74b9e0, 0x000001f58a74bbf8]
Event: 705.989 Thread 0x000001f59e851800 16404       3       org.gradle.execution.plan.DefaultExecutionPlan::allProjectsLocked (61 bytes)
Event: 705.989 Thread 0x000001f59e851800 nmethod 16404 0x000001f58a74bd10 code [0x000001f58a74bf40, 0x000001f58a74c648]
Event: 705.990 Thread 0x000001f59e851800 16406       3       org.gradle.api.internal.project.DefaultProject::files (16 bytes)
Event: 705.990 Thread 0x000001f59e851800 nmethod 16406 0x000001f58a74c810 code [0x000001f58a74c9e0, 0x000001f58a74cd28]
Event: 705.991 Thread 0x000001f59e851800 16407       3       org.gradle.api.internal.tasks.properties.bean.AbstractNestedRuntimeBeanNode$BeanPropertyValue::getUnprocessedValue (10 bytes)
Event: 705.992 Thread 0x000001f59e851800 nmethod 16407 0x000001f58a74ce90 code [0x000001f58a74d040, 0x000001f58a74d208]
Event: 705.992 Thread 0x000001f59e851800 16408       3       org.gradle.internal.execution.steps.ResolveChangesStep::execute (63 bytes)
Event: 705.993 Thread 0x000001f59e851800 nmethod 16408 0x000001f58a74d310 code [0x000001f58a74d6e0, 0x000001f58a74f398]
Event: 706.000 Thread 0x000001f59e851800 16409       3       org.gradle.api.internal.tasks.properties.FileParameterUtils::determineNormalizerForPathSensitivity (79 bytes)
Event: 706.002 Thread 0x000001f59e843800 

Event: 706.012 Thread 0x000001f59e851800 


GC Heap History (20 events):
Event: 698.206 GC heap after
{Heap after GC invocations=64 (full 0):
 garbage-first heap   total 155648K, used 130081K [0x0000000080000000, 0x0000000100000000)
  region size 1024K, 1 young (1024K), 1 survivors (1024K)
 Metaspace       used 109955K, capacity 112934K, committed 113240K, reserved 1146880K
  class space    used 14082K, capacity 15158K, committed 15232K, reserved 1048576K
}
Event: 698.508 GC heap before
{Heap before GC invocations=65 (full 0):
 garbage-first heap   total 155648K, used 136225K [0x0000000080000000, 0x0000000100000000)
  region size 1024K, 7 young (7168K), 1 survivors (1024K)
 Metaspace       used 109960K, capacity 112934K, committed 113240K, reserved 1146880K
  class space    used 14082K, capacity 15158K, committed 15232K, reserved 1048576K
}
Event: 698.510 GC heap after
{Heap after GC invocations=66 (full 0):
 garbage-first heap   total 187392K, used 130081K [0x0000000080000000, 0x0000000100000000)
  region size 1024K, 1 young (1024K), 1 survivors (1024K)
 Metaspace       used 109960K, capacity 112934K, committed 113240K, reserved 1146880K
  class space    used 14082K, capacity 15158K, committed 15232K, reserved 1048576K
}
Event: 698.602 GC heap before
{Heap before GC invocations=66 (full 0):
 garbage-first heap   total 187392K, used 146465K [0x0000000080000000, 0x0000000100000000)
  region size 1024K, 10 young (10240K), 1 survivors (1024K)
 Metaspace       used 109984K, capacity 112940K, committed 113240K, reserved 1146880K
  class space    used 14085K, capacity 15160K, committed 15232K, reserved 1048576K
}
Event: 698.607 GC heap after
{Heap after GC invocations=67 (full 0):
 garbage-first heap   total 187392K, used 137873K [0x0000000080000000, 0x0000000100000000)
  region size 1024K, 3 young (3072K), 3 survivors (3072K)
 Metaspace       used 109984K, capacity 112940K, committed 113240K, reserved 1146880K
  class space    used 14085K, capacity 15160K, committed 15232K, reserved 1048576K
}
Event: 698.764 GC heap before
{Heap before GC invocations=67 (full 0):
 garbage-first heap   total 187392K, used 160401K [0x0000000080000000, 0x0000000100000000)
  region size 1024K, 20 young (20480K), 3 survivors (3072K)
 Metaspace       used 110492K, capacity 113498K, committed 113752K, reserved 1148928K
  class space    used 14117K, capacity 15206K, committed 15232K, reserved 1048576K
}
Event: 698.770 GC heap after
{Heap after GC invocations=68 (full 0):
 garbage-first heap   total 187392K, used 136414K [0x0000000080000000, 0x0000000100000000)
  region size 1024K, 3 young (3072K), 3 survivors (3072K)
 Metaspace       used 110492K, capacity 113498K, committed 113752K, reserved 1148928K
  class space    used 14117K, capacity 15206K, committed 15232K, reserved 1048576K
}
Event: 699.003 GC heap before
{Heap before GC invocations=69 (full 0):
 garbage-first heap   total 187392K, used 152798K [0x0000000080000000, 0x0000000100000000)
  region size 1024K, 20 young (20480K), 3 survivors (3072K)
 Metaspace       used 113097K, capacity 116085K, committed 116312K, reserved 1150976K
  class space    used 14328K, capacity 15398K, committed 15488K, reserved 1048576K
}
Event: 699.008 GC heap after
{Heap after GC invocations=70 (full 0):
 garbage-first heap   total 187392K, used 138359K [0x0000000080000000, 0x0000000100000000)
  region size 1024K, 2 young (2048K), 2 survivors (2048K)
 Metaspace       used 113097K, capacity 116085K, committed 116312K, reserved 1150976K
  class space    used 14328K, capacity 15398K, committed 15488K, reserved 1048576K
}
Event: 699.201 GC heap before
{Heap before GC invocations=70 (full 0):
 garbage-first heap   total 187392K, used 154743K [0x0000000080000000, 0x0000000100000000)
  region size 1024K, 19 young (19456K), 2 survivors (2048K)
 Metaspace       used 113666K, capacity 116661K, committed 116824K, reserved 1150976K
  class space    used 14365K, capacity 15462K, committed 15488K, reserved 1048576K
}
Event: 699.209 GC heap after
{Heap after GC invocations=71 (full 0):
 garbage-first heap   total 268288K, used 140897K [0x0000000080000000, 0x0000000100000000)
  region size 1024K, 3 young (3072K), 3 survivors (3072K)
 Metaspace       used 113666K, capacity 116661K, committed 116824K, reserved 1150976K
  class space    used 14365K, capacity 15462K, committed 15488K, reserved 1048576K
}
Event: 699.682 GC heap before
{Heap before GC invocations=72 (full 0):
 garbage-first heap   total 268288K, used 180833K [0x0000000080000000, 0x0000000100000000)
  region size 1024K, 49 young (50176K), 3 survivors (3072K)
 Metaspace       used 114206K, capacity 117173K, committed 117336K, reserved 1150976K
  class space    used 14391K, capacity 15462K, committed 15488K, reserved 1048576K
}
Event: 699.686 GC heap after
{Heap after GC invocations=73 (full 0):
 garbage-first heap   total 268288K, used 134653K [0x0000000080000000, 0x0000000100000000)
  region size 1024K, 3 young (3072K), 3 survivors (3072K)
 Metaspace       used 114206K, capacity 117173K, committed 117336K, reserved 1150976K
  class space    used 14391K, capacity 15462K, committed 15488K, reserved 1048576K
}
Event: 699.815 GC heap before
{Heap before GC invocations=73 (full 0):
 garbage-first heap   total 268288K, used 143869K [0x0000000080000000, 0x0000000100000000)
  region size 1024K, 13 young (13312K), 3 survivors (3072K)
 Metaspace       used 114761K, capacity 117757K, committed 117976K, reserved 1150976K
  class space    used 14436K, capacity 15527K, committed 15616K, reserved 1048576K
}
Event: 699.819 GC heap after
{Heap after GC invocations=74 (full 0):
 garbage-first heap   total 268288K, used 120619K [0x0000000080000000, 0x0000000100000000)
  region size 1024K, 1 young (1024K), 1 survivors (1024K)
 Metaspace       used 114761K, capacity 117757K, committed 117976K, reserved 1150976K
  class space    used 14436K, capacity 15527K, committed 15616K, reserved 1048576K
}
Event: 702.501 GC heap before
{Heap before GC invocations=74 (full 0):
 garbage-first heap   total 268288K, used 181035K [0x0000000080000000, 0x0000000100000000)
  region size 1024K, 61 young (62464K), 1 survivors (1024K)
 Metaspace       used 118464K, capacity 121454K, committed 121688K, reserved 1155072K
  class space    used 14906K, capacity 15989K, committed 16000K, reserved 1048576K
}
Event: 702.507 GC heap after
{Heap after GC invocations=75 (full 0):
 garbage-first heap   total 268288K, used 122188K [0x0000000080000000, 0x0000000100000000)
  region size 1024K, 3 young (3072K), 3 survivors (3072K)
 Metaspace       used 118464K, capacity 121454K, committed 121688K, reserved 1155072K
  class space    used 14906K, capacity 15989K, committed 16000K, reserved 1048576K
}
Event: 707.076 GC heap before
{Heap before GC invocations=75 (full 0):
 garbage-first heap   total 268288K, used 186700K [0x0000000080000000, 0x0000000100000000)
  region size 1024K, 67 young (68608K), 3 survivors (3072K)
 Metaspace       used 120137K, capacity 123223K, committed 123480K, reserved 1157120K
  class space    used 15100K, capacity 16227K, committed 16256K, reserved 1048576K
}
Event: 707.098 GC heap after
{Heap after GC invocations=76 (full 0):
 garbage-first heap   total 268288K, used 127044K [0x0000000080000000, 0x0000000100000000)
  region size 1024K, 7 young (7168K), 7 survivors (7168K)
 Metaspace       used 120137K, capacity 123223K, committed 123480K, reserved 1157120K
  class space    used 15100K, capacity 16227K, committed 16256K, reserved 1048576K
}
Event: 707.934 GC heap before
{Heap before GC invocations=76 (full 0):
 garbage-first heap   total 268288K, used 195652K [0x0000000080000000, 0x0000000100000000)
  region size 1024K, 73 young (74752K), 7 survivors (7168K)
 Metaspace       used 121178K, capacity 124333K, committed 124376K, reserved 1157120K
  class space    used 15237K, capacity 16359K, committed 16384K, reserved 1048576K
}

Deoptimization events (20 events):
Event: 707.713 Thread 0x000001f5a4d11800 DEOPT PACKING pc=0x000001f58ff547d4 sp=0x00000024926fd4f0
Event: 707.713 Thread 0x000001f5a4d11800 DEOPT UNPACKING pc=0x000001f587ec78af sp=0x00000024926fd428 mode 2
Event: 707.732 Thread 0x000001f5a4d11800 DEOPT PACKING pc=0x000001f58a715f44 sp=0x00000024926fcfb0
Event: 707.732 Thread 0x000001f5a4d11800 DEOPT UNPACKING pc=0x000001f587ec76ce sp=0x00000024926fc550 mode 0
Event: 707.750 Thread 0x000001f5a4336800 DEOPT PACKING pc=0x000001f58a50d891 sp=0x00000024912fb120
Event: 707.750 Thread 0x000001f5a4336800 DEOPT UNPACKING pc=0x000001f587ec76ce sp=0x00000024912fa658 mode 0
Event: 707.804 Thread 0x000001f5a433a800 DEOPT PACKING pc=0x000001f58a715f44 sp=0x00000024917fba50
Event: 707.804 Thread 0x000001f5a433a800 DEOPT UNPACKING pc=0x000001f587ec76ce sp=0x00000024917faff0 mode 0
Event: 707.826 Thread 0x000001f5a4d11800 DEOPT PACKING pc=0x000001f58a715f44 sp=0x00000024926fd150
Event: 707.826 Thread 0x000001f5a4d11800 DEOPT UNPACKING pc=0x000001f587ec76ce sp=0x00000024926fc6f0 mode 0
Event: 707.839 Thread 0x000001f5a4d11800 DEOPT PACKING pc=0x000001f58a715f44 sp=0x00000024926fd150
Event: 707.839 Thread 0x000001f5a4d11800 DEOPT UNPACKING pc=0x000001f587ec76ce sp=0x00000024926fc6f0 mode 0
Event: 707.848 Thread 0x000001f5a4d11800 DEOPT PACKING pc=0x000001f58a715f44 sp=0x00000024926fd150
Event: 707.848 Thread 0x000001f5a4d11800 DEOPT UNPACKING pc=0x000001f587ec76ce sp=0x00000024926fc6f0 mode 0
Event: 707.856 Thread 0x000001f5a4d11800 DEOPT PACKING pc=0x000001f58a715f44 sp=0x00000024926fd150
Event: 707.856 Thread 0x000001f5a4d11800 DEOPT UNPACKING pc=0x000001f587ec76ce sp=0x00000024926fc6f0 mode 0
Event: 707.864 Thread 0x000001f5a4d11800 DEOPT PACKING pc=0x000001f58a715f44 sp=0x00000024926fd150
Event: 707.864 Thread 0x000001f5a4d11800 DEOPT UNPACKING pc=0x000001f587ec76ce sp=0x00000024926fc6f0 mode 0
Event: 707.881 Thread 0x000001f5a4d0b800 DEOPT PACKING pc=0x000001f58977588d sp=0x0000002491dfb3e0
Event: 707.881 Thread 0x000001f5a4d0b800 DEOPT UNPACKING pc=0x000001f587ec76ce sp=0x0000002491dfa878 mode 0

Classes redefined (0 events):
No events

Internal exceptions (20 events):
Event: 707.502 Thread 0x000001f5a04f2000 Exception <a 'java/lang/NoSuchMethodError'{0x000000008ed14320}: <clinit>> (0x000000008ed14320) thrown at [./src/hotspot/share/prims/jni.cpp, line 1362]
Event: 707.706 Thread 0x000001f5a4d11800 Exception <a 'java/lang/NoSuchMethodError'{0x000000008dfa10e0}: 'java.lang.Object java.lang.invoke.DirectMethodHandle$Holder.invokeVirtual(java.lang.Object, java.lang.Object, int)'> (0x000000008dfa10e0) thrown at [./src/hotspot/share/interpreter/linkResolver.cpp, line 773]
Event: 707.711 Thread 0x000001f5a4d11800 Exception <a 'java/lang/NoSuchMethodError'{0x000000008dee29b0}: 'void java.lang.invoke.DirectMethodHandle$Holder.invokeStatic(java.lang.Object, java.lang.Object, java.lang.Object, int)'> (0x000000008dee29b0) thrown at [./src/hotspot/share/interpreter/linkResolver.cpp, line 773]
Event: 707.868 Thread 0x000001f5a4d11800 Exception <a 'java/lang/OutOfMemoryError'{0x000000008cbe7538}> (0x000000008cbe7538) thrown at [./src/hotspot/share/prims/jni.cpp, line 636]
Event: 707.900 Thread 0x000001f5a4d0b800 Exception <a 'java/lang/NoSuchMethodError'{0x000000008c632068}: <clinit>> (0x000000008c632068) thrown at [./src/hotspot/share/prims/jni.cpp, line 1362]
Event: 707.900 Thread 0x000001f5a4d0b800 Exception <a 'java/lang/NoSuchMethodError'{0x000000008c633388}: <clinit>> (0x000000008c633388) thrown at [./src/hotspot/share/prims/jni.cpp, line 1362]
Event: 707.900 Thread 0x000001f5a4d0b800 Exception <a 'java/lang/NoSuchMethodError'{0x000000008c635840}: <clinit>> (0x000000008c635840) thrown at [./src/hotspot/share/prims/jni.cpp, line 1362]
Event: 707.901 Thread 0x000001f5a4d0b800 Exception <a 'java/lang/NoSuchMethodError'{0x000000008c64c698}: <clinit>> (0x000000008c64c698) thrown at [./src/hotspot/share/prims/jni.cpp, line 1362]
Event: 707.901 Thread 0x000001f5a4d0b800 Exception <a 'java/lang/NoSuchMethodError'{0x000000008c64db78}: <clinit>> (0x000000008c64db78) thrown at [./src/hotspot/share/prims/jni.cpp, line 1362]
Event: 707.913 Thread 0x000001f5a4d0b800 Exception <a 'sun/nio/fs/WindowsException'{0x000000008c6cc9e8}> (0x000000008c6cc9e8) thrown at [./src/hotspot/share/prims/jni.cpp, line 615]
Event: 707.913 Thread 0x000001f5a4d0b800 Exception <a 'sun/nio/fs/WindowsException'{0x000000008c6cd888}> (0x000000008c6cd888) thrown at [./src/hotspot/share/prims/jni.cpp, line 615]
Event: 707.913 Thread 0x000001f5a4d0b800 Exception <a 'sun/nio/fs/WindowsException'{0x000000008c6cdc48}> (0x000000008c6cdc48) thrown at [./src/hotspot/share/prims/jni.cpp, line 615]
Event: 707.914 Thread 0x000001f5a4d0b800 Exception <a 'sun/nio/fs/WindowsException'{0x000000008c6ceac8}> (0x000000008c6ceac8) thrown at [./src/hotspot/share/prims/jni.cpp, line 615]
Event: 707.914 Thread 0x000001f5a4d0b800 Exception <a 'sun/nio/fs/WindowsException'{0x000000008c6cedd0}> (0x000000008c6cedd0) thrown at [./src/hotspot/share/prims/jni.cpp, line 615]
Event: 707.914 Thread 0x000001f5a4d0b800 Exception <a 'sun/nio/fs/WindowsException'{0x000000008c6cfc68}> (0x000000008c6cfc68) thrown at [./src/hotspot/share/prims/jni.cpp, line 615]
Event: 707.914 Thread 0x000001f5a4d0b800 Exception <a 'sun/nio/fs/WindowsException'{0x000000008c6cff10}> (0x000000008c6cff10) thrown at [./src/hotspot/share/prims/jni.cpp, line 615]
Event: 707.914 Thread 0x000001f5a4d0b800 Exception <a 'sun/nio/fs/WindowsException'{0x000000008c6d0d78}> (0x000000008c6d0d78) thrown at [./src/hotspot/share/prims/jni.cpp, line 615]
Event: 707.928 Thread 0x000001f5a4d0b800 Exception <a 'java/lang/NoSuchMethodError'{0x000000008c5ba5a8}: <clinit>> (0x000000008c5ba5a8) thrown at [./src/hotspot/share/prims/jni.cpp, line 1362]
Event: 707.929 Thread 0x000001f5a4d0b800 Exception <a 'java/lang/NoSuchMethodError'{0x000000008c5ea418}: <clinit>> (0x000000008c5ea418) thrown at [./src/hotspot/share/prims/jni.cpp, line 1362]
Event: 707.929 Thread 0x000001f5a4d0b800 Exception <a 'java/lang/NoSuchMethodError'{0x000000008c5fd1e0}: <clinit>> (0x000000008c5fd1e0) thrown at [./src/hotspot/share/prims/jni.cpp, line 1362]

Events (20 events):
Event: 707.883 Executing VM operation: RevokeBias done
Event: 707.883 Executing VM operation: RevokeBias
Event: 707.883 Executing VM operation: RevokeBias done
Event: 707.883 Executing VM operation: RevokeBias
Event: 707.883 Executing VM operation: RevokeBias done
Event: 707.883 Executing VM operation: BulkRevokeBias
Event: 707.884 Executing VM operation: BulkRevokeBias done
Event: 707.914 loading class com/android/build/gradle/internal/res/LinkApplicationAndroidResourcesTask$TaskAction
Event: 707.914 loading class com/android/build/gradle/internal/res/LinkApplicationAndroidResourcesTask$TaskAction done
Event: 707.917 loading class com/android/build/gradle/internal/res/LinkApplicationAndroidResourcesTask$doFullTaskAction$1
Event: 707.917 loading class com/android/build/gradle/internal/res/LinkApplicationAndroidResourcesTask$doFullTaskAction$1 done
Event: 707.920 loading class com/android/build/gradle/internal/res/LinkApplicationAndroidResourcesTask$TaskWorkActionParameters
Event: 707.920 loading class com/android/build/gradle/internal/res/LinkApplicationAndroidResourcesTask$TaskWorkActionParameters done
Event: 707.921 loading class com/android/builder/internal/aapt/AaptOptions
Event: 707.921 loading class com/android/builder/internal/aapt/AaptOptions done
Event: 707.930 loading class com/google/common/collect/ImmutableList$SerializedForm
Event: 707.930 loading class com/google/common/collect/ImmutableList$SerializedForm done
Event: 707.932 loading class kotlin/collections/EmptyList
Event: 707.932 loading class kotlin/collections/EmptyList done
Event: 707.934 Executing VM operation: G1CollectForAllocation


Dynamic libraries:
0x00007ff643860000 - 0x00007ff64386a000 	D:\programlama\AndroidStudio\jre\bin\java.exe
0x00007fff95c80000 - 0x00007fff95e87000 	C:\WINDOWS\SYSTEM32\ntdll.dll
0x00007fff94f40000 - 0x00007fff94ffd000 	C:\WINDOWS\System32\KERNEL32.DLL
0x00007fff936e0000 - 0x00007fff93a54000 	C:\WINDOWS\System32\KERNELBASE.dll
0x00007fff93160000 - 0x00007fff93271000 	C:\WINDOWS\System32\ucrtbase.dll
0x00007fff839d0000 - 0x00007fff839e9000 	D:\programlama\AndroidStudio\jre\bin\jli.dll
0x00007fff839f0000 - 0x00007fff83a07000 	D:\programlama\AndroidStudio\jre\bin\VCRUNTIME140.dll
0x00007fff94840000 - 0x00007fff949ec000 	C:\WINDOWS\System32\USER32.dll
0x00007fff7ae70000 - 0x00007fff7b115000 	C:\WINDOWS\WinSxS\amd64_microsoft.windows.common-controls_6595b64144ccf1df_6.0.22000.120_none_9d947278b86cc467\COMCTL32.dll
0x00007fff93a60000 - 0x00007fff93a86000 	C:\WINDOWS\System32\win32u.dll
0x00007fff946c0000 - 0x00007fff94763000 	C:\WINDOWS\System32\msvcrt.dll
0x00007fff95b20000 - 0x00007fff95b49000 	C:\WINDOWS\System32\GDI32.dll
0x00007fff93320000 - 0x00007fff93432000 	C:\WINDOWS\System32\gdi32full.dll
0x00007fff93280000 - 0x00007fff9331d000 	C:\WINDOWS\System32\msvcp_win.dll
0x00007fff95ab0000 - 0x00007fff95ae1000 	C:\WINDOWS\System32\IMM32.DLL
0x00007fff822e0000 - 0x00007fff8237d000 	D:\programlama\AndroidStudio\jre\bin\msvcp140.dll
0x00007fff43ce0000 - 0x00007fff447af000 	D:\programlama\AndroidStudio\jre\bin\server\jvm.dll
0x00007fff958d0000 - 0x00007fff9597c000 	C:\WINDOWS\System32\ADVAPI32.dll
0x00007fff942c0000 - 0x00007fff9435d000 	C:\WINDOWS\System32\sechost.dll
0x00007fff95980000 - 0x00007fff95aa1000 	C:\WINDOWS\System32\RPCRT4.dll
0x00007fff946b0000 - 0x00007fff946b8000 	C:\WINDOWS\System32\PSAPI.DLL
0x00007fff8d570000 - 0x00007fff8d5a3000 	C:\WINDOWS\SYSTEM32\WINMM.dll
0x00007fff906b0000 - 0x00007fff906b9000 	C:\WINDOWS\SYSTEM32\WSOCK32.dll
0x00007fff8b3e0000 - 0x00007fff8b3ea000 	C:\WINDOWS\SYSTEM32\VERSION.dll
0x00007fff95170000 - 0x00007fff951df000 	C:\WINDOWS\System32\WS2_32.dll
0x00007fff92280000 - 0x00007fff92298000 	C:\WINDOWS\SYSTEM32\kernel.appcore.dll
0x00007fff83950000 - 0x00007fff83961000 	D:\programlama\AndroidStudio\jre\bin\verify.dll
0x00007fff7fef0000 - 0x00007fff80111000 	C:\WINDOWS\SYSTEM32\DBGHELP.DLL
0x00007fff7ce50000 - 0x00007fff7ce81000 	C:\WINDOWS\SYSTEM32\dbgcore.DLL
0x00007fff93a90000 - 0x00007fff93b10000 	C:\WINDOWS\System32\bcryptPrimitives.dll
0x00007fff815e0000 - 0x00007fff81609000 	D:\programlama\AndroidStudio\jre\bin\java.dll
0x00007fff904d0000 - 0x00007fff904db000 	D:\programlama\AndroidStudio\jre\bin\jimage.dll
0x00007fff82ce0000 - 0x00007fff82cf8000 	D:\programlama\AndroidStudio\jre\bin\zip.dll
0x00007fff93b10000 - 0x00007fff942be000 	C:\WINDOWS\System32\SHELL32.dll
0x00007fff91300000 - 0x00007fff91b67000 	C:\WINDOWS\SYSTEM32\windows.storage.dll
0x00007fff95380000 - 0x00007fff956f8000 	C:\WINDOWS\System32\combase.dll
0x00007fff91190000 - 0x00007fff912f6000 	C:\WINDOWS\SYSTEM32\wintypes.dll
0x00007fff95290000 - 0x00007fff9537a000 	C:\WINDOWS\System32\SHCORE.dll
0x00007fff94e60000 - 0x00007fff94ebd000 	C:\WINDOWS\System32\shlwapi.dll
0x00007fff93090000 - 0x00007fff930b1000 	C:\WINDOWS\SYSTEM32\profapi.dll
0x00007fff815c0000 - 0x00007fff815da000 	D:\programlama\AndroidStudio\jre\bin\net.dll
0x00007fff8de50000 - 0x00007fff8df5c000 	C:\WINDOWS\SYSTEM32\WINHTTP.dll
0x00007fff92690000 - 0x00007fff926f7000 	C:\WINDOWS\system32\mswsock.dll
0x00007fff815a0000 - 0x00007fff815b4000 	D:\programlama\AndroidStudio\jre\bin\nio.dll
0x00007fff90430000 - 0x00007fff90457000 	C:\Users\adem9\.gradle\native\8bec1ad78214c89d9ad589b4d07fe93259594b29d510b10fafb7a158f7737e5d\windows-amd64\native-platform.dll
0x00007fff4dfb0000 - 0x00007fff4e0ed000 	C:\Users\adem9\.gradle\native\53dbd7edfb1c66fb8903c78663c9afc45aea4f116125fa6feffd364cf09443e8\windows-amd64\native-platform-file-events.dll
0x00007fff8f090000 - 0x00007fff8f09a000 	D:\programlama\AndroidStudio\jre\bin\management.dll
0x00007fff8ec40000 - 0x00007fff8ec4c000 	D:\programlama\AndroidStudio\jre\bin\management_ext.dll
0x00007fff92960000 - 0x00007fff92978000 	C:\WINDOWS\SYSTEM32\CRYPTSP.dll
0x00007fff921e0000 - 0x00007fff92215000 	C:\WINDOWS\system32\rsaenh.dll
0x00007fff927f0000 - 0x00007fff92819000 	C:\WINDOWS\SYSTEM32\USERENV.dll
0x00007fff92b40000 - 0x00007fff92b67000 	C:\WINDOWS\SYSTEM32\bcrypt.dll
0x00007fff92950000 - 0x00007fff9295c000 	C:\WINDOWS\SYSTEM32\CRYPTBASE.dll
0x00007fff91dc0000 - 0x00007fff91ded000 	C:\WINDOWS\SYSTEM32\IPHLPAPI.DLL
0x00007fff95700000 - 0x00007fff95709000 	C:\WINDOWS\System32\NSI.dll
0x00007fff8d7f0000 - 0x00007fff8d809000 	C:\WINDOWS\SYSTEM32\dhcpcsvc6.DLL
0x00007fff8e0c0000 - 0x00007fff8e0de000 	C:\WINDOWS\SYSTEM32\dhcpcsvc.DLL
0x00007fff91df0000 - 0x00007fff91ed7000 	C:\WINDOWS\SYSTEM32\DNSAPI.dll
0x00007fff7cd00000 - 0x00007fff7cd27000 	D:\programlama\AndroidStudio\jre\bin\sunec.dll
0x00007fff8b820000 - 0x00007fff8b82a000 	C:\Windows\System32\rasadhlp.dll
0x00007fff8c350000 - 0x00007fff8c3d1000 	C:\WINDOWS\System32\fwpuclnt.dll

dbghelp: loaded successfully - version: 4.0.5 - missing functions: none
symbol engine: initialized successfully - sym options: 0x614 - pdb path: .;D:\programlama\AndroidStudio\jre\bin;C:\WINDOWS\SYSTEM32;C:\WINDOWS\WinSxS\amd64_microsoft.windows.common-controls_6595b64144ccf1df_6.0.22000.120_none_9d947278b86cc467;D:\programlama\AndroidStudio\jre\bin\server;C:\Users\adem9\.gradle\native\8bec1ad78214c89d9ad589b4d07fe93259594b29d510b10fafb7a158f7737e5d\windows-amd64;C:\Users\adem9\.gradle\native\53dbd7edfb1c66fb8903c78663c9afc45aea4f116125fa6feffd364cf09443e8\windows-amd64

VM Arguments:
jvm_args: --add-opens=java.base/java.util=ALL-UNNAMED --add-opens=java.base/java.lang=ALL-UNNAMED --add-opens=java.base/java.lang.invoke=ALL-UNNAMED --add-opens=java.base/java.util=ALL-UNNAMED --add-opens=java.prefs/java.util.prefs=ALL-UNNAMED --add-opens=java.prefs/java.util.prefs=ALL-UNNAMED --add-opens=java.base/java.nio.charset=ALL-UNNAMED --add-opens=java.base/java.net=ALL-UNNAMED --add-opens=java.base/java.util.concurrent.atomic=ALL-UNNAMED -Xmx2048m -Dfile.encoding=UTF-8 -Duser.country=US -Duser.language=en -Duser.variant 
java_command: org.gradle.launcher.daemon.bootstrap.GradleDaemon 7.0.2
java_class_path (initial): C:\Users\adem9\.gradle\wrapper\dists\gradle-7.0.2-bin\857tjihv64xamwrf0h14cai3r\gradle-7.0.2\lib\gradle-launcher-7.0.2.jar
Launcher Type: SUN_STANDARD

[Global flags]
     intx CICompilerCount                          = 4                                         {product} {ergonomic}
     uint ConcGCThreads                            = 2                                         {product} {ergonomic}
     uint G1ConcRefinementThreads                  = 8                                         {product} {ergonomic}
   size_t G1HeapRegionSize                         = 1048576                                   {product} {ergonomic}
    uintx GCDrainStackTargetSize                   = 64                                        {product} {ergonomic}
   size_t InitialHeapSize                          = 132120576                                 {product} {ergonomic}
   size_t MarkStackSize                            = 4194304                                   {product} {ergonomic}
   size_t MaxHeapSize                              = 2147483648                                {product} {command line}
   size_t MaxNewSize                               = 1287651328                                {product} {ergonomic}
   size_t MinHeapDeltaBytes                        = 1048576                                   {product} {ergonomic}
    uintx NonNMethodCodeHeapSize                   = 5836300                                {pd product} {ergonomic}
    uintx NonProfiledCodeHeapSize                  = 122910970                              {pd product} {ergonomic}
    uintx ProfiledCodeHeapSize                     = 122910970                              {pd product} {ergonomic}
    uintx ReservedCodeCacheSize                    = 251658240                              {pd product} {ergonomic}
     bool SegmentedCodeCache                       = true                                      {product} {ergonomic}
     bool UseCompressedClassPointers               = true                                 {lp64_product} {ergonomic}
     bool UseCompressedOops                        = true                                 {lp64_product} {ergonomic}
     bool UseG1GC                                  = true                                      {product} {ergonomic}
     bool UseLargePagesIndividualAllocation        = false                                  {pd product} {ergonomic}

Logging:
Log output configuration:
 #0: stdout all=warning uptime,level,tags
 #1: stderr all=off uptime,level,tags

Environment Variables:
PATH=C:\Windows\system32;C:\Windows;C:\Windows\System32\Wbem;C:\Windows\System32\WindowsPowerShell\v1.0\;C:\Windows\System32\OpenSSH\;C:\Program Files\NVIDIA Corporation\NVIDIA NvDLISR;C:\Program Files (x86)\NVIDIA Corporation\PhysX\Common;C:\Program Files\Git\cmd;C:\Program Files\Microsoft SQL Server\Client SDK\ODBC\170\Tools\Binn\;C:\Program Files (x86)\Microsoft SQL Server\150\Tools\Binn\;C:\Program Files\Microsoft SQL Server\150\Tools\Binn\;C:\Program Files\Microsoft SQL Server\150\DTS\Binn\;C:\WINDOWS\system32;C:\WINDOWS;C:\WINDOWS\System32\Wbem;C:\WINDOWS\System32\WindowsPowerShell\v1.0\;C:\WINDOWS\System32\OpenSSH\;C:\Program Files\MySQL\MySQL Shell 8.0\bin\;C:\Users\adem9\AppData\Local\Microsoft\WindowsApps;C:\Program Files\Java\jdk-13.0.2\bin;D:\programlama\A DAN Z YE NETWORK\Microsoft VS Code\bin;
USERNAME=adem9
OS=Windows_NT
PROCESSOR_IDENTIFIER=Intel64 Family 6 Model 158 Stepping 10, GenuineIntel



---------------  S Y S T E M  ---------------

OS: Windows 10 , 64 bit Build 22000 (10.0.22000.318)
OS uptime: 0 days 23:38 hours

CPU:total 8 (initial active 8) (4 cores per cpu, 2 threads per core) family 6 model 158 stepping 10 microcode 0xde, cmov, cx8, fxsr, mmx, sse, sse2, sse3, ssse3, sse4.1, sse4.2, popcnt, avx, avx2, aes, clmul, erms, 3dnowpref, lzcnt, ht, tsc, tscinvbit, bmi1, bmi2, adx, fma

Memory: 4k page, system-wide physical 8040M (451M free)
TotalPageFile size 30776M (AvailPageFile size 235M)
current process WorkingSet (physical memory assigned to process): 259M, peak: 481M
current process commit charge ("private bytes"): 596M, peak: 650M

vm_info: OpenJDK 64-Bit Server VM (11.0.10+0-b96-7249189) for windows-amd64 JRE (11.0.10+0-b96-7249189), built on Mar 31 2021 21:44:00 by "builder" with MS VC++ 14.0 (VS2015)

END.
